2019-03-19 10:57:21,576 - DEBUG - Соединение установленно!
2019-03-19 10:57:21,576 - DEBUG - ***Получено сообщение от сервера***
Статус: 200
Сообщение: Client1, добро пожаловать в наш сервис
2019-03-19 10:57:21,576 - DEBUG - Отправляем сообщение => {'name_client': 'Client1', 'event': 'message', 'text': 'Здраствуйте, не подскажите как пройти в библиотеку?'}
2019-03-19 10:57:21,577 - DEBUG - ***Получено сообщение от сервера***
Статус: 200
Сообщение: Уважаемый Client1, библиотека находится за углом
2019-03-19 10:57:21,577 - DEBUG - Отправляем сообщение => {'name_client': 'Client1', 'event': 'message', 'text': 'Здраствуйте, не подскажите как пройти в библиотеку?'}
2019-03-19 10:57:21,579 - DEBUG - ***Получено сообщение от сервера***
Статус: 200
Сообщение: Уважаемый Client1, библиотека находится за углом
2019-03-19 10:57:21,583 - DEBUG - Отправляем сообщение => Специальное сообщение не в формате json
2019-03-19 10:57:21,585 - DEBUG - Ошибка
2019-03-19 10:57:21,587 - DEBUG - Статус: 404
Сообщение: Action is not supported.
2019-03-19 10:57:21,588 - DEBUG - Отправляем сообщение => {'name_client': 'Client1', 'event': 'message', 'text': 'Здраствуйте, не подскажите как пройти в библиотеку?'}
2019-03-19 10:57:21,590 - DEBUG - ***Получено сообщение от сервера***
Статус: 200
Сообщение: Уважаемый Client1, библиотека находится за углом
2019-03-19 10:57:21,590 - DEBUG - Отправляем сообщение => Специальное сообщение не в формате json
2019-03-19 10:57:21,590 - DEBUG - Ошибка
2019-03-19 10:57:21,590 - DEBUG - Статус: 404
Сообщение: Action is not supported.
2019-03-19 10:57:21,590 - DEBUG - Отправляем сообщение => {'name_client': 'Client1', 'event': 'message', 'text': 'Здраствуйте, не подскажите как пройти в библиотеку?'}
2019-03-19 10:57:21,591 - DEBUG - ***Получено сообщение от сервера***
Статус: 200
Сообщение: Уважаемый Client1, библиотека находится за углом
2019-03-21 09:31:38,533 - DEBUG - Соединение установленно!
2019-03-21 09:31:38,536 - DEBUG - ***Получено сообщение от сервера***
Статус: 200
Сообщение: Client1, добро пожаловать в наш сервис
2019-03-21 09:31:38,536 - DEBUG - Отправляем сообщение => {'name_client': 'Client1', 'event': 'message', 'text': 'Здраствуйте, не подскажите как пройти в библиотеку?'}
2019-03-21 09:31:38,539 - DEBUG - ***Получено сообщение от сервера***
Статус: 200
Сообщение: Уважаемый Client1, библиотека находится за углом
2019-03-21 09:31:38,539 - DEBUG - Отправляем сообщение => Специальное сообщение не в формате json
2019-03-21 09:31:38,543 - DEBUG - Ошибка
2019-03-21 09:31:38,545 - DEBUG - Статус: 404
Сообщение: Action is not supported.
2019-03-21 09:31:38,547 - DEBUG - Отправляем сообщение => {'name_client': 'Client1', 'event': 'message', 'text': 'Здраствуйте, не подскажите как пройти в библиотеку?'}
2019-03-21 09:31:38,551 - DEBUG - ***Получено сообщение от сервера***
Статус: 200
Сообщение: Уважаемый Client1, библиотека находится за углом
2019-03-21 09:31:38,551 - DEBUG - Отправляем сообщение => {'name_client': 'Client1', 'event': 'message', 'text': 'Здраствуйте, не подскажите как пройти в библиотеку?'}
2019-03-21 09:31:38,553 - DEBUG - ***Получено сообщение от сервера***
Статус: 200
Сообщение: Уважаемый Client1, библиотека находится за углом
2019-03-21 09:31:38,553 - DEBUG - Отправляем сообщение => Специальное сообщение не в формате json
2019-03-21 09:31:38,554 - DEBUG - Ошибка
2019-03-21 09:31:38,554 - DEBUG - Статус: 404
Сообщение: Action is not supported.
2019-03-21 09:31:38,554 - DEBUG - Отправляем сообщение => {'name_client': 'Client1', 'event': 'message', 'text': 'Здраствуйте, не подскажите как пройти в библиотеку?'}
2019-03-21 09:31:38,564 - DEBUG - ***Получено сообщение от сервера***
Статус: 200
Сообщение: Уважаемый Client1, библиотека находится за углом
2019-03-21 09:32:08,548 - DEBUG - Соединение установленно!
2019-03-21 09:32:08,548 - DEBUG - ***Получено сообщение от сервера***
Статус: 200
Сообщение: Client1, добро пожаловать в наш сервис
2019-03-21 09:32:08,548 - DEBUG - Отправляем сообщение => Специальное сообщение не в формате json
2019-03-21 09:32:08,548 - DEBUG - Ошибка
2019-03-21 09:32:08,548 - DEBUG - Статус: 404
Сообщение: Action is not supported.
2019-03-21 09:32:08,548 - DEBUG - Отправляем сообщение => {'name_client': 'Client1', 'event': 'message', 'text': 'Здраствуйте, не подскажите как пройти в библиотеку?'}
2019-03-21 09:32:08,549 - DEBUG - ***Получено сообщение от сервера***
Статус: 200
Сообщение: Уважаемый Client1, библиотека находится за углом
2019-03-21 09:32:08,549 - DEBUG - Отправляем сообщение => Специальное сообщение не в формате json
2019-03-21 09:32:08,550 - DEBUG - Ошибка
2019-03-21 09:32:08,550 - DEBUG - Статус: 404
Сообщение: Action is not supported.
2019-03-21 09:32:08,550 - DEBUG - Отправляем сообщение => {'name_client': 'Client1', 'event': 'message', 'text': 'Здраствуйте, не подскажите как пройти в библиотеку?'}
2019-03-21 09:32:08,551 - DEBUG - ***Получено сообщение от сервера***
Статус: 200
Сообщение: Уважаемый Client1, библиотека находится за углом
2019-03-21 09:32:08,551 - DEBUG - Отправляем сообщение => Специальное сообщение не в формате json
2019-03-21 09:32:08,551 - DEBUG - Ошибка
2019-03-21 09:32:08,551 - DEBUG - Статус: 404
Сообщение: Action is not supported.
2019-03-21 09:32:08,551 - DEBUG - Отправляем сообщение => Специальное сообщение не в формате json
2019-03-21 09:32:08,552 - DEBUG - Ошибка
2019-03-21 09:32:08,552 - DEBUG - Статус: 404
Сообщение: Action is not supported.
2019-03-22 08:52:20,166 - DEBUG - Соединение установленно!
2019-03-22 08:52:20,166 - DEBUG - ***Получено сообщение от сервера***
Статус: 200
Сообщение: Client1, добро пожаловать в наш сервис
2019-03-22 08:52:20,166 - DEBUG - Отправляем сообщение => {'name_client': 'Client1', 'event': 'message', 'text': 'Здраствуйте, не подскажите как пройти в библиотеку?'}
2019-03-22 08:52:20,167 - DEBUG - ***Получено сообщение от сервера***
Статус: 200
Сообщение: Уважаемый Client1, библиотека находится за углом
2019-03-22 08:52:20,167 - DEBUG - Отправляем сообщение => {'name_client': 'Client1', 'event': 'message', 'text': 'Здраствуйте, не подскажите как пройти в библиотеку?'}
2019-03-22 08:52:20,170 - DEBUG - ***Получено сообщение от сервера***
Статус: 200
Сообщение: Уважаемый Client1, библиотека находится за углом
2019-03-22 08:52:20,172 - DEBUG - Отправляем сообщение => {'name_client': 'Client1', 'event': 'message', 'text': 'Здраствуйте, не подскажите как пройти в библиотеку?'}
2019-03-22 08:52:20,178 - DEBUG - ***Получено сообщение от сервера***
Статус: 200
Сообщение: Уважаемый Client1, библиотека находится за углом
2019-03-22 08:52:20,178 - DEBUG - Отправляем сообщение => Специальное сообщение не в формате json
2019-03-22 08:52:20,178 - DEBUG - Ошибка
2019-03-22 08:52:20,178 - DEBUG - Статус: 404
Сообщение: Action is not supported.
2019-03-22 08:52:20,178 - DEBUG - Отправляем сообщение => {'name_client': 'Client1', 'event': 'message', 'text': 'Здраствуйте, не подскажите как пройти в библиотеку?'}
2019-03-22 08:52:20,179 - DEBUG - ***Получено сообщение от сервера***
Статус: 200
Сообщение: Уважаемый Client1, библиотека находится за углом
2019-03-22 08:52:20,179 - DEBUG - Отправляем сообщение => {'name_client': 'Client1', 'event': 'message', 'text': 'Здраствуйте, не подскажите как пройти в библиотеку?'}
2019-03-22 08:52:20,180 - DEBUG - ***Получено сообщение от сервера***
Статус: 200
Сообщение: Уважаемый Client1, библиотека находится за углом
2019-03-22 08:57:19,537 - DEBUG - Соединение установленно!
2019-03-22 08:57:19,537 - DEBUG - ***Получено сообщение от сервера***
Статус: 200
Сообщение: Client1, добро пожаловать в наш сервис
2019-03-22 08:57:19,537 - DEBUG - Отправляем сообщение => {'name_client': 'Client1', 'event': 'message', 'text': 'Здраствуйте, не подскажите как пройти в библиотеку?'}
2019-03-22 08:57:19,538 - DEBUG - ***Получено сообщение от сервера***
Статус: 200
Сообщение: Уважаемый Client1, библиотека находится за углом
2019-03-22 08:57:19,538 - DEBUG - Отправляем сообщение => {'name_client': 'Client1', 'event': 'message', 'text': 'Здраствуйте, не подскажите как пройти в библиотеку?'}
2019-03-22 08:57:19,539 - DEBUG - ***Получено сообщение от сервера***
Статус: 200
Сообщение: Уважаемый Client1, библиотека находится за углом
2019-03-22 08:57:19,539 - DEBUG - Отправляем сообщение => Специальное сообщение не в формате json
2019-03-22 08:57:19,539 - DEBUG - Ошибка
2019-03-22 08:57:19,539 - DEBUG - Статус: 404
Сообщение: Action is not supported.
2019-03-22 08:57:19,539 - DEBUG - Отправляем сообщение => Специальное сообщение не в формате json
2019-03-22 08:57:19,540 - DEBUG - Ошибка
2019-03-22 08:57:19,540 - DEBUG - Статус: 404
Сообщение: Action is not supported.
2019-03-22 08:57:19,540 - DEBUG - Отправляем сообщение => Специальное сообщение не в формате json
2019-03-22 08:57:19,541 - DEBUG - Ошибка
2019-03-22 08:57:19,541 - DEBUG - Статус: 404
Сообщение: Action is not supported.
2019-03-22 08:57:19,541 - DEBUG - Отправляем сообщение => Специальное сообщение не в формате json
2019-03-22 08:57:19,541 - DEBUG - Ошибка
2019-03-22 08:57:19,542 - DEBUG - Статус: 404
Сообщение: Action is not supported.
2019-03-22 09:00:04,274 - DEBUG - Соединение установленно!
2019-03-22 09:00:04,274 - DEBUG - ***Получено сообщение от сервера***
Статус: 200
Сообщение: Client1, добро пожаловать в наш сервис
2019-03-22 09:00:04,274 - DEBUG - Отправляем сообщение => {'name_client': 'Client1', 'event': 'message', 'text': 'Здраствуйте, не подскажите как пройти в библиотеку?'}
2019-03-22 09:00:04,275 - DEBUG - ***Получено сообщение от сервера***
Статус: 200
Сообщение: Уважаемый Client1, библиотека находится за углом
2019-03-22 09:00:04,276 - DEBUG - Отправляем сообщение => {'name_client': 'Client1', 'event': 'message', 'text': 'Здраствуйте, не подскажите как пройти в библиотеку?'}
2019-03-22 09:00:04,276 - DEBUG - ***Получено сообщение от сервера***
Статус: 200
Сообщение: Уважаемый Client1, библиотека находится за углом
2019-03-22 09:00:04,276 - DEBUG - Отправляем сообщение => {'name_client': 'Client1', 'event': 'message', 'text': 'Здраствуйте, не подскажите как пройти в библиотеку?'}
2019-03-22 09:00:04,277 - DEBUG - ***Получено сообщение от сервера***
Статус: 200
Сообщение: Уважаемый Client1, библиотека находится за углом
2019-03-22 09:00:04,277 - DEBUG - Отправляем сообщение => Специальное сообщение не в формате json
2019-03-22 09:00:04,277 - DEBUG - Ошибка
2019-03-22 09:00:04,277 - DEBUG - Статус: 404
Сообщение: Action is not supported.
2019-03-22 09:00:04,277 - DEBUG - Отправляем сообщение => {'name_client': 'Client1', 'event': 'message', 'text': 'Здраствуйте, не подскажите как пройти в библиотеку?'}
2019-03-22 09:00:04,278 - DEBUG - ***Получено сообщение от сервера***
Статус: 200
Сообщение: Уважаемый Client1, библиотека находится за углом
2019-03-22 09:00:04,278 - DEBUG - Отправляем сообщение => Специальное сообщение не в формате json
2019-03-22 09:00:04,278 - DEBUG - Ошибка
2019-03-22 09:00:04,278 - DEBUG - Статус: 404
Сообщение: Action is not supported.
2019-03-22 09:00:43,597 - DEBUG - Соединение установленно!
2019-03-22 09:00:43,597 - DEBUG - ***Получено сообщение от сервера***
Статус: 200
Сообщение: Client1, добро пожаловать в наш сервис
2019-03-22 09:00:43,597 - DEBUG - Отправляем сообщение => {'name_client': 'Client1', 'event': 'message', 'text': 'Здраствуйте, не подскажите как пройти в библиотеку?'}
2019-03-22 09:00:43,599 - DEBUG - ***Получено сообщение от сервера***
Статус: 200
Сообщение: Уважаемый Client1, библиотека находится за углом
2019-03-22 09:00:43,599 - DEBUG - Отправляем сообщение => Специальное сообщение не в формате json
2019-03-22 09:00:43,600 - DEBUG - Ошибка
2019-03-22 09:00:43,600 - DEBUG - Статус: 404
Сообщение: Action is not supported.
2019-03-22 09:00:43,600 - DEBUG - Отправляем сообщение => Специальное сообщение не в формате json
2019-03-22 09:00:43,601 - DEBUG - Ошибка
2019-03-22 09:00:43,601 - DEBUG - Статус: 404
Сообщение: Action is not supported.
2019-03-22 09:00:43,601 - DEBUG - Отправляем сообщение => Специальное сообщение не в формате json
2019-03-22 09:00:43,601 - DEBUG - Ошибка
2019-03-22 09:00:43,602 - DEBUG - Статус: 404
Сообщение: Action is not supported.
2019-03-22 09:00:43,602 - DEBUG - Отправляем сообщение => {'name_client': 'Client1', 'event': 'message', 'text': 'Здраствуйте, не подскажите как пройти в библиотеку?'}
2019-03-22 09:00:43,602 - DEBUG - ***Получено сообщение от сервера***
Статус: 200
Сообщение: Уважаемый Client1, библиотека находится за углом
2019-03-22 09:00:43,603 - DEBUG - Отправляем сообщение => {'name_client': 'Client1', 'event': 'message', 'text': 'Здраствуйте, не подскажите как пройти в библиотеку?'}
2019-03-22 09:00:43,603 - DEBUG - ***Получено сообщение от сервера***
Статус: 200
Сообщение: Уважаемый Client1, библиотека находится за углом
2019-03-22 09:01:54,847 - DEBUG - Соединение установленно!
2019-03-22 09:01:54,848 - DEBUG - ***Получено сообщение от сервера***
Статус: 200
Сообщение: Client1, добро пожаловать в наш сервис
2019-03-22 09:01:54,848 - DEBUG - Отправляем сообщение => Специальное сообщение не в формате json
2019-03-22 09:01:54,848 - DEBUG - Ошибка
2019-03-22 09:01:54,848 - DEBUG - Статус: 404
Сообщение: Action is not supported.
2019-03-22 09:01:54,848 - DEBUG - Отправляем сообщение => Специальное сообщение не в формате json
2019-03-22 09:01:54,849 - DEBUG - Ошибка
2019-03-22 09:01:54,849 - DEBUG - Статус: 404
Сообщение: Action is not supported.
2019-03-22 09:01:54,849 - DEBUG - Отправляем сообщение => {'name_client': 'Client1', 'event': 'message', 'text': 'Здраствуйте, не подскажите как пройти в библиотеку?'}
2019-03-22 09:01:54,850 - DEBUG - ***Получено сообщение от сервера***
Статус: 200
Сообщение: Уважаемый Client1, библиотека находится за углом
2019-03-22 09:01:54,850 - DEBUG - Отправляем сообщение => {'name_client': 'Client1', 'event': 'message', 'text': 'Здраствуйте, не подскажите как пройти в библиотеку?'}
2019-03-22 09:01:54,850 - DEBUG - ***Получено сообщение от сервера***
Статус: 200
Сообщение: Уважаемый Client1, библиотека находится за углом
2019-03-22 09:01:54,851 - DEBUG - Отправляем сообщение => Специальное сообщение не в формате json
2019-03-22 09:01:54,851 - DEBUG - Ошибка
2019-03-22 09:01:54,851 - DEBUG - Статус: 404
Сообщение: Action is not supported.
2019-03-22 09:01:54,851 - DEBUG - Отправляем сообщение => {'name_client': 'Client1', 'event': 'message', 'text': 'Здраствуйте, не подскажите как пройти в библиотеку?'}
2019-03-22 09:01:54,852 - DEBUG - ***Получено сообщение от сервера***
Статус: 200
Сообщение: Уважаемый Client1, библиотека находится за углом
2019-03-22 09:07:42,089 - DEBUG - Соединение установленно!
2019-03-22 09:07:42,089 - DEBUG - ***Получено сообщение от сервера***
Статус: 200
Сообщение: Client1, добро пожаловать в наш сервис
2019-03-22 09:07:42,089 - DEBUG - Отправляем сообщение => {'name_client': 'Client1', 'event': 'message', 'text': 'Здраствуйте, не подскажите как пройти в библиотеку?'}
2019-03-22 09:07:42,090 - DEBUG - ***Получено сообщение от сервера***
Статус: 200
Сообщение: Уважаемый Client1, библиотека находится за углом
2019-03-22 09:07:42,090 - DEBUG - Отправляем сообщение => Специальное сообщение не в формате json
2019-03-22 09:07:42,090 - DEBUG - Ошибка
2019-03-22 09:07:42,090 - DEBUG - Статус: 404
Сообщение: Action is not supported.
2019-03-22 09:07:42,091 - DEBUG - Отправляем сообщение => {'name_client': 'Client1', 'event': 'message', 'text': 'Здраствуйте, не подскажите как пройти в библиотеку?'}
2019-03-22 09:07:42,092 - DEBUG - ***Получено сообщение от сервера***
Статус: 200
Сообщение: Уважаемый Client1, библиотека находится за углом
2019-03-22 09:07:42,092 - DEBUG - Отправляем сообщение => Специальное сообщение не в формате json
2019-03-22 09:07:42,093 - DEBUG - Ошибка
2019-03-22 09:07:42,094 - DEBUG - Статус: 404
Сообщение: Action is not supported.
2019-03-22 09:07:42,095 - DEBUG - Отправляем сообщение => Специальное сообщение не в формате json
2019-03-22 09:07:42,100 - DEBUG - Ошибка
2019-03-22 09:07:42,101 - DEBUG - Статус: 404
Сообщение: Action is not supported.
2019-03-22 09:07:42,102 - DEBUG - Отправляем сообщение => Специальное сообщение не в формате json
2019-03-22 09:07:42,102 - DEBUG - Ошибка
2019-03-22 09:07:42,102 - DEBUG - Статус: 404
Сообщение: Action is not supported.
2019-03-22 09:14:19,827 - DEBUG - Соединение установленно!
2019-03-22 09:14:19,828 - DEBUG - ***Получено сообщение от сервера***
Статус: 200
Сообщение: Client1, добро пожаловать в наш сервис
2019-03-22 09:14:19,828 - DEBUG - Отправляем сообщение => Специальное сообщение не в формате json
2019-03-22 09:14:19,828 - DEBUG - Ошибка
2019-03-22 09:14:19,828 - DEBUG - Статус: 404
Сообщение: Action is not supported.
2019-03-22 09:14:19,828 - DEBUG - Отправляем сообщение => {'name_client': 'Client1', 'event': 'message', 'text': 'Здраствуйте, не подскажите как пройти в библиотеку?'}
2019-03-22 09:14:19,829 - DEBUG - ***Получено сообщение от сервера***
Статус: 200
Сообщение: Уважаемый Client1, библиотека находится за углом
2019-03-22 09:14:19,829 - DEBUG - Отправляем сообщение => Специальное сообщение не в формате json
2019-03-22 09:14:19,830 - DEBUG - Ошибка
2019-03-22 09:14:19,830 - DEBUG - Статус: 404
Сообщение: Action is not supported.
2019-03-22 09:14:19,830 - DEBUG - Отправляем сообщение => {'name_client': 'Client1', 'event': 'message', 'text': 'Здраствуйте, не подскажите как пройти в библиотеку?'}
2019-03-22 09:14:19,832 - DEBUG - ***Получено сообщение от сервера***
Статус: 200
Сообщение: Уважаемый Client1, библиотека находится за углом
2019-03-22 09:14:19,832 - DEBUG - Отправляем сообщение => Специальное сообщение не в формате json
2019-03-22 09:14:19,833 - DEBUG - Ошибка
2019-03-22 09:14:19,833 - DEBUG - Статус: 404
Сообщение: Action is not supported.
2019-03-22 09:14:19,833 - DEBUG - Отправляем сообщение => Специальное сообщение не в формате json
2019-03-22 09:14:19,834 - DEBUG - Ошибка
2019-03-22 09:14:19,835 - DEBUG - Статус: 404
Сообщение: Action is not supported.
2019-03-22 09:14:55,974 - DEBUG - Соединение установленно!
2019-03-22 09:14:55,974 - DEBUG - ***Получено сообщение от сервера***
Статус: 200
Сообщение: Client1, добро пожаловать в наш сервис
2019-03-22 09:14:55,974 - DEBUG - Отправляем сообщение => {'name_client': 'Client1', 'event': 'message', 'text': 'Здраствуйте, не подскажите как пройти в библиотеку?'}
2019-03-22 09:14:55,975 - DEBUG - ***Получено сообщение от сервера***
Статус: 200
Сообщение: Уважаемый Client1, библиотека находится за углом
2019-03-22 09:14:55,975 - DEBUG - Отправляем сообщение => Специальное сообщение не в формате json
2019-03-22 09:14:55,975 - DEBUG - Ошибка
2019-03-22 09:14:55,975 - DEBUG - Статус: 404
Сообщение: Action is not supported.
2019-03-22 09:14:55,975 - DEBUG - Отправляем сообщение => Специальное сообщение не в формате json
2019-03-22 09:14:55,975 - DEBUG - Ошибка
2019-03-22 09:14:55,976 - DEBUG - Статус: 404
Сообщение: Action is not supported.
2019-03-22 09:14:55,976 - DEBUG - Отправляем сообщение => Специальное сообщение не в формате json
2019-03-22 09:14:55,976 - DEBUG - Ошибка
2019-03-22 09:14:55,976 - DEBUG - Статус: 404
Сообщение: Action is not supported.
2019-03-22 09:14:55,976 - DEBUG - Отправляем сообщение => Специальное сообщение не в формате json
2019-03-22 09:14:55,977 - DEBUG - Ошибка
2019-03-22 09:14:55,977 - DEBUG - Статус: 404
Сообщение: Action is not supported.
2019-03-22 09:14:55,977 - DEBUG - Отправляем сообщение => {'name_client': 'Client1', 'event': 'message', 'text': 'Здраствуйте, не подскажите как пройти в библиотеку?'}
2019-03-22 09:14:55,978 - DEBUG - ***Получено сообщение от сервера***
Статус: 200
Сообщение: Уважаемый Client1, библиотека находится за углом
2019-03-22 09:17:22,570 - DEBUG - Соединение установленно!
2019-03-22 09:17:22,570 - DEBUG - ***Получено сообщение от сервера***
Статус: 200
Сообщение: Client1, добро пожаловать в наш сервис
2019-03-22 09:17:22,570 - DEBUG - Отправляем сообщение => Специальное сообщение не в формате json
2019-03-22 09:17:22,571 - DEBUG - Ошибка
2019-03-22 09:17:22,571 - DEBUG - Статус: 404
Сообщение: Action is not supported.
2019-03-22 09:17:22,571 - DEBUG - Отправляем сообщение => {'name_client': 'Client1', 'event': 'message', 'text': 'Здраствуйте, не подскажите как пройти в библиотеку?'}
2019-03-22 09:17:22,572 - DEBUG - ***Получено сообщение от сервера***
Статус: 200
Сообщение: Уважаемый Client1, библиотека находится за углом
2019-03-22 09:17:22,572 - DEBUG - Отправляем сообщение => Специальное сообщение не в формате json
2019-03-22 09:17:22,573 - DEBUG - Ошибка
2019-03-22 09:17:22,573 - DEBUG - Статус: 404
Сообщение: Action is not supported.
2019-03-22 09:17:22,573 - DEBUG - Отправляем сообщение => Специальное сообщение не в формате json
2019-03-22 09:17:22,573 - DEBUG - Ошибка
2019-03-22 09:17:22,573 - DEBUG - Статус: 404
Сообщение: Action is not supported.
2019-03-22 09:17:22,573 - DEBUG - Отправляем сообщение => {'name_client': 'Client1', 'event': 'message', 'text': 'Здраствуйте, не подскажите как пройти в библиотеку?'}
2019-03-22 09:17:22,575 - DEBUG - ***Получено сообщение от сервера***
Статус: 200
Сообщение: Уважаемый Client1, библиотека находится за углом
2019-03-22 09:17:22,575 - DEBUG - Отправляем сообщение => {'name_client': 'Client1', 'event': 'message', 'text': 'Здраствуйте, не подскажите как пройти в библиотеку?'}
2019-03-22 09:17:22,585 - DEBUG - ***Получено сообщение от сервера***
Статус: 200
Сообщение: Уважаемый Client1, библиотека находится за углом
2019-04-11 20:56:49,567 - DEBUG - Соединение установленно!
2019-04-11 20:56:49,570 - DEBUG - ***Получено сообщение от сервера***
Статус: 200
Сообщение: Client1, добро пожаловать в наш сервис
2019-04-11 20:57:56,919 - DEBUG - Отправляем сообщение => {'name_client': 'Client', 'event': 'message', 'text': 'Здраствуйте, не подскажите как пройти в библиотеку?'}
2019-04-11 20:57:56,924 - DEBUG - ***Получено сообщение от сервера***
Статус: 200
Сообщение: Уважаемый Client, библиотека находится за углом
2019-04-11 20:59:31,526 - DEBUG - Отправляем сообщение => Специальное сообщение не в формате json
2019-04-11 20:59:31,527 - DEBUG - Ошибка
2019-04-11 20:59:31,528 - DEBUG - Статус: 404
Сообщение: Action is not supported.
2019-04-11 20:59:43,195 - DEBUG - Отправляем сообщение => {'name_client': 'Client', 'event': 'Ghbdtnbrb', 'text': 'message'}
2019-04-11 20:59:43,197 - DEBUG - Ошибка
2019-04-11 20:59:43,197 - DEBUG - Статус: 404
Сообщение: Action is not supported.
2019-04-11 21:00:21,246 - DEBUG - Отправляем сообщение => Специальное сообщение не в формате json
2019-04-11 21:00:21,248 - DEBUG - Ошибка
2019-04-11 21:00:21,248 - DEBUG - Статус: 404
Сообщение: Action is not supported.
2019-04-11 21:00:40,556 - DEBUG - Отправляем сообщение => {'name_client': 'Client', 'event': 'message', 'text': 'Здраствуйте, не подскажите как пройти в библиотеку?'}
2019-04-11 21:00:40,560 - DEBUG - ***Получено сообщение от сервера***
Статус: 200
Сообщение: Уважаемый Client, библиотека находится за углом
2019-04-11 21:02:18,686 - DEBUG - Отправляем сообщение => Специальное сообщение не в формате json
2019-04-11 21:02:18,688 - DEBUG - Ошибка
2019-04-11 21:02:18,689 - DEBUG - Статус: 404
Сообщение: Action is not supported.
2019-04-11 21:02:48,140 - DEBUG - Отправляем сообщение => {'name_client': 'Client', 'event': 'message', 'text': 'client.py'}
2019-04-11 21:02:48,142 - DEBUG - ***Получено сообщение от сервера***
Статус: 200
Сообщение: Уважаемый Client, библиотека находится за углом
2019-04-11 21:03:00,757 - DEBUG - Отправляем сообщение => {'name_client': 'Client', 'event': 'message', 'text': 'sfervebeb'}
2019-04-11 21:03:00,760 - DEBUG - ***Получено сообщение от сервера***
Статус: 200
Сообщение: Уважаемый Client, библиотека находится за углом
2019-04-11 21:16:48,732 - DEBUG - Соединение установленно!
2019-04-11 21:16:48,732 - DEBUG - ***Получено сообщение от сервера***
Статус: 200
Сообщение: Vasya, добро пожаловать в наш сервис
2019-04-11 21:19:22,801 - DEBUG - Соединение установленно!
2019-04-11 21:19:22,801 - DEBUG - ***Получено сообщение от сервера***
Статус: 200
Сообщение: vvv, добро пожаловать в наш сервис
2019-04-11 21:19:29,186 - DEBUG - Соединение установленно!
2019-04-11 21:19:29,187 - DEBUG - ***Получено сообщение от сервера***
Статус: 200
Сообщение: vvv, добро пожаловать в наш сервис
2019-04-11 21:27:22,393 - DEBUG - Соединение установленно!
2019-04-11 21:27:22,393 - DEBUG - ***Получено сообщение от сервера***
Статус: 200
Сообщение: vaed, добро пожаловать в наш сервис
2019-04-11 21:27:31,016 - DEBUG - Соединение установленно!
2019-04-11 21:27:31,017 - DEBUG - ***Получено сообщение от сервера***
Статус: 200
Сообщение: vaed, добро пожаловать в наш сервис
2019-04-11 21:28:14,158 - DEBUG - Отправляем сообщение => {'name_client': 'nest', 'event': '', 'text': 'как пройти в библиотеку'}
2019-04-11 21:28:14,158 - DEBUG - ***Получено сообщение от сервера***
Статус: 200
Сообщение: nest, добро пожаловать в наш сервис
2019-04-11 21:28:24,996 - DEBUG - Отправляем сообщение => Специальное сообщение не в формате json
2019-04-11 21:28:24,997 - DEBUG - Ошибка
2019-04-11 21:28:24,997 - DEBUG - Статус: 404
Сообщение: Action is not supported.
2019-04-11 21:29:06,180 - DEBUG - Отправляем сообщение => {'name_client': 'nest', 'event': 'message', 'text': 'Здраствуйте, не подскажите как пройти в библиотеку?'}
2019-04-11 21:29:06,180 - DEBUG - Ошибка
2019-04-11 21:29:06,181 - DEBUG - Статус: 404
Сообщение: Action is not supported.
2019-04-11 21:29:16,077 - DEBUG - Отправляем сообщение => {'name_client': 'nest', 'event': 'message', 'text': 'Здраствуйте, не подскажите как пройти в библиотеку?'}
2019-04-11 21:29:16,078 - DEBUG - ***Получено сообщение от сервера***
Статус: 200
Сообщение: Уважаемый nest, библиотека находится за углом
2019-04-11 21:29:56,618 - DEBUG - Отправляем сообщение => Специальное сообщение не в формате json
2019-04-11 21:29:56,619 - DEBUG - ***Получено сообщение от сервера***
Статус: 200
Сообщение: Уважаемый nest, библиотека находится за углом
2019-04-11 21:31:34,515 - DEBUG - Соединение установленно!
2019-04-11 21:31:34,515 - DEBUG - ***Получено сообщение от сервера***
Статус: 200
Сообщение: vasya, добро пожаловать в наш сервис
2019-04-12 09:08:28,164 - DEBUG - Соединение установленно!
2019-04-12 09:08:28,165 - DEBUG - ***Получено сообщение от сервера***
Статус: 200
Сообщение:  Vasya, добро пожаловать в наш сервис
2019-04-12 09:09:07,736 - DEBUG - Отправляем сообщение => Специальное сообщение не в формате json
2019-04-12 09:09:07,738 - DEBUG - Ошибка
2019-04-12 09:09:07,739 - DEBUG - Статус: 404
Сообщение: Action is not supported.
2019-04-12 09:10:55,126 - DEBUG - Отправляем сообщение => Специальное сообщение не в формате json
2019-04-12 09:10:55,145 - DEBUG - Ошибка
2019-04-12 09:10:55,147 - DEBUG - Статус: 404
Сообщение: Action is not supported.
2019-04-12 09:56:32,398 - DEBUG - Соединение установленно!
2019-04-12 09:56:32,399 - DEBUG - ***Получено сообщение от сервера***
Статус: 200
Сообщение: vasya, добро пожаловать в наш сервис
