2019-03-18 22:36:15,195 - DEBUG - Установленно соединение с => ('127.0.0.1', 45528)
2019-03-18 22:36:15,196 - DEBUG - Получено сообщение:
{'name_client': 'Client1', 'event': 'start'}
2019-03-18 22:37:51,598 - DEBUG - Установленно соединение с => ('127.0.0.1', 45532)
2019-03-18 22:37:51,598 - DEBUG - Получено сообщение:
{'name_client': 'Client1', 'event': 'start'}
2019-03-18 22:38:13,313 - DEBUG - До новых встреч
2019-03-18 22:40:16,438 - DEBUG - До новых встреч
2019-03-18 22:40:16,634 - DEBUG - Сервер запущен и слушает порт:7777
2019-03-18 22:40:21,277 - DEBUG - До новых встреч
2019-03-18 22:40:41,745 - DEBUG - Сервер запущен и слушает порт:7777
2019-03-18 22:40:47,189 - DEBUG - До новых встреч
2019-03-18 22:41:21,358 - DEBUG - Сервер запущен и слушает порт:7777
2019-03-18 22:42:25,831 - DEBUG - Сервер запущен и слушает порт:7777
2019-03-18 22:42:45,867 - DEBUG - До новых встреч
2019-03-18 22:45:25,722 - DEBUG - Сервер запущен и слушает порт:7777
2019-03-18 22:45:44,323 - DEBUG - Установленно соединение с => ('127.0.0.1', 45674)
2019-03-18 22:45:44,323 - DEBUG - Получено сообщение:
{'name_client': 'Client1', 'event': 'start'}
2019-03-18 22:47:23,957 - DEBUG - Сервер запущен и слушает порт:7777
2019-03-18 22:47:38,664 - DEBUG - Установленно соединение с => ('127.0.0.1', 45676)
2019-03-18 22:47:38,664 - DEBUG - Получено сообщение:
{'name_client': 'Client1', 'event': 'start'}
2019-03-18 22:55:27,316 - DEBUG - Сервер запущен и слушает порт:7777
2019-03-18 23:00:11,864 - DEBUG - Сервер запущен и слушает порт:7777
2019-03-18 23:00:32,611 - DEBUG - Установленно соединение с => ('127.0.0.1', 45904)
2019-03-18 23:00:32,611 - DEBUG - Получено сообщение:
{'name_client': 'Client1', 'event': 'start'}
2019-03-18 23:02:04,415 - DEBUG - Установленно соединение с => ('127.0.0.1', 45914)
2019-03-18 23:02:04,415 - DEBUG - Получено сообщение:
{'name_client': 'Client1', 'event': 'start'}
2019-03-18 23:02:15,630 - DEBUG - До новых встреч
2019-03-18 23:03:40,802 - DEBUG - Сервер запущен и слушает порт:7777
2019-03-18 23:03:48,183 - DEBUG - Установленно соединение с => ('127.0.0.1', 45924)
2019-03-18 23:03:48,183 - DEBUG - Получено сообщение:
{'name_client': 'Client1', 'event': 'start'}
2019-03-18 23:04:29,553 - DEBUG - До новых встреч
2019-03-18 23:08:56,247 - DEBUG - Сервер запущен и слушает порт:7777
2019-03-18 23:09:22,908 - DEBUG - Установленно соединение с => ('127.0.0.1', 46668)
2019-03-18 23:09:22,908 - DEBUG - Получено сообщение:
{'name_client': 'Client1', 'event': 'start'}
2019-03-18 23:10:03,894 - DEBUG - До новых встреч
2019-03-18 23:11:23,124 - DEBUG - Сервер запущен и слушает порт:7777
2019-03-18 23:11:30,463 - DEBUG - До новых встреч
2019-03-18 23:11:40,883 - DEBUG - Сервер запущен и слушает порт:7777
2019-03-18 23:11:50,713 - DEBUG - Установленно соединение с => ('127.0.0.1', 46670)
2019-03-18 23:11:50,713 - DEBUG - Получено сообщение:
{'name_client': 'Client1', 'event': 'start'}
2019-03-18 23:11:55,937 - DEBUG - До новых встреч
2019-03-18 23:13:03,877 - DEBUG - Сервер запущен и слушает порт:7777
2019-03-18 23:13:32,759 - DEBUG - Установленно соединение с => ('127.0.0.1', 46688)
2019-03-18 23:13:56,447 - DEBUG - Получено сообщение:
{'name_client': 'Client1', 'event': 'start'}
2019-03-19 08:25:01,436 - DEBUG - До новых встреч
2019-03-19 08:58:12,116 - DEBUG - Сервер запущен и слушает порт:7777
2019-03-19 08:58:27,088 - DEBUG - Установленно соединение с => ('127.0.0.1', 48326)
2019-03-19 08:58:27,088 - DEBUG - Получено сообщение:
{'name_client': 'Client1', 'event': 'start'}
2019-03-19 08:58:38,212 - DEBUG - До новых встреч
2019-03-19 08:59:39,500 - DEBUG - Сервер запущен и слушает порт:7777
2019-03-19 08:59:48,903 - DEBUG - Установленно соединение с => ('127.0.0.1', 48328)
2019-03-19 08:59:48,903 - DEBUG - Получено сообщение:
{'name_client': 'Client1', 'event': 'start'}
2019-03-19 09:04:11,607 - DEBUG - Сервер запущен и слушает порт:7777
2019-03-19 09:05:17,797 - DEBUG - До новых встреч
2019-03-19 09:08:14,309 - DEBUG - Сервер запущен и слушает порт:7777
2019-03-19 09:08:20,455 - DEBUG - Установленно соединение с => ('127.0.0.1', 48364)
2019-03-19 09:08:20,456 - DEBUG - Получено сообщение:
{'name_client': 'Client1', 'event': 'start'}
2019-03-19 09:09:14,173 - DEBUG - До новых встреч
2019-03-19 09:11:48,654 - DEBUG - Сервер запущен и слушает порт:7777
2019-03-19 09:11:48,654 - DEBUG - <function resolve at 0x7f5cff1d51e0>
2019-03-19 09:11:56,935 - DEBUG - Установленно соединение с => ('127.0.0.1', 48378)
2019-03-19 09:11:56,936 - DEBUG - Получено сообщение:
{'name_client': 'Client1', 'event': 'start'}
2019-03-19 09:11:56,936 - DEBUG - start
2019-03-19 10:11:19,653 - DEBUG - До новых встреч
2019-03-19 10:11:20,002 - DEBUG - Сервер запущен и слушает порт:7777
2019-03-19 10:11:24,301 - DEBUG - Установленно соединение с => ('127.0.0.1', 49094)
2019-03-19 10:11:24,301 - DEBUG - Получено сообщение:
{'name_client': 'Client1', 'event': 'start'}
2019-03-19 10:11:24,301 - DEBUG - start
2019-03-19 10:11:44,561 - DEBUG - Установленно соединение с => ('127.0.0.1', 49098)
2019-03-19 10:11:44,561 - DEBUG - Получено сообщение:
{'name_client': 'Client1', 'event': 'start'}
2019-03-19 10:11:44,561 - DEBUG - start
2019-03-19 10:11:56,371 - DEBUG - Установленно соединение с => ('127.0.0.1', 49100)
2019-03-19 10:11:56,371 - DEBUG - Получено сообщение:
{'name_client': 'Client1', 'event': 'start'}
2019-03-19 10:11:56,372 - DEBUG - start
2019-03-19 10:12:11,059 - DEBUG - Установленно соединение с => ('127.0.0.1', 49102)
2019-03-19 10:12:11,059 - DEBUG - Получено сообщение:
{'name_client': 'Client1', 'event': 'start'}
2019-03-19 10:12:11,059 - DEBUG - start
2019-03-19 10:15:23,999 - DEBUG - Сервер запущен и слушает порт:7777
2019-03-19 10:15:28,285 - DEBUG - Установленно соединение с => ('127.0.0.1', 49162)
2019-03-19 10:15:28,287 - DEBUG - Получено сообщение:
{'name_client': 'Client1', 'event': 'start'}
2019-03-19 10:15:28,289 - DEBUG - start
2019-03-19 10:20:35,853 - DEBUG - Сервер запущен и слушает порт:7777
2019-03-19 10:20:39,654 - DEBUG - Установленно соединение с => ('127.0.0.1', 49196)
2019-03-19 10:20:39,654 - DEBUG - Получено сообщение:
{'name_client': 'Client1', 'event': 'start'}
2019-03-19 10:20:39,654 - DEBUG - start
2019-03-19 10:22:38,107 - DEBUG - До новых встреч
2019-03-19 10:22:40,679 - DEBUG - Сервер запущен и слушает порт:7777
2019-03-19 10:22:43,754 - DEBUG - Установленно соединение с => ('127.0.0.1', 49206)
2019-03-19 10:22:43,754 - DEBUG - Получено сообщение:
{'name_client': 'Client1', 'event': 'start'}
2019-03-19 10:22:43,754 - DEBUG - start
2019-03-19 10:24:25,444 - DEBUG - Сервер запущен и слушает порт:7777
2019-03-19 10:24:29,048 - DEBUG - Установленно соединение с => ('127.0.0.1', 49254)
2019-03-19 10:24:29,048 - DEBUG - Получено сообщение:
{'name_client': 'Client1', 'event': 'start'}
2019-03-19 10:24:29,048 - DEBUG - start
2019-03-19 10:25:38,349 - DEBUG - Сервер запущен и слушает порт:7777
2019-03-19 10:25:41,604 - DEBUG - Установленно соединение с => ('127.0.0.1', 49330)
2019-03-19 10:25:41,604 - DEBUG - Получено сообщение:
{'name_client': 'Client1', 'event': 'start'}
2019-03-19 10:25:41,604 - DEBUG - start
2019-03-19 10:29:42,421 - DEBUG - Сервер запущен и слушает порт:7777
2019-03-19 10:30:34,513 - DEBUG - Установленно соединение с => ('127.0.0.1', 49364)
2019-03-19 10:30:34,514 - DEBUG - Получено сообщение:
{'name_client': 'Client1', 'event': 'start'}
2019-03-19 10:30:34,514 - DEBUG - start
2019-03-19 10:32:48,173 - DEBUG - Сервер запущен и слушает порт:7777
2019-03-19 10:32:51,934 - DEBUG - Установленно соединение с => ('127.0.0.1', 49368)
2019-03-19 10:32:51,934 - DEBUG - Получено сообщение:
{'name_client': 'Client1', 'event': 'start'}
2019-03-19 10:32:51,934 - DEBUG - start
2019-03-19 10:43:07,006 - DEBUG - До новых встреч
2019-03-19 10:43:09,894 - DEBUG - Сервер запущен и слушает порт:7777
2019-03-19 10:43:17,729 - DEBUG - Установленно соединение с => ('127.0.0.1', 49430)
2019-03-19 10:43:17,730 - DEBUG - Получено сообщение:
{'name_client': 'Client1', 'event': 'start'}
2019-03-19 10:43:17,730 - DEBUG - start
2019-03-19 10:43:17,732 - DEBUG - {'code': 200, 'data': 'Client1, добро пожаловать в наш сервис'}
2019-03-19 10:43:17,732 - DEBUG - {'code': 200, 'data': 'Client1, добро пожаловать в наш сервис'}
2019-03-19 10:43:17,734 - DEBUG - {'code': 200, 'data': 'Client1, добро пожаловать в наш сервис'}
2019-03-19 10:43:17,737 - DEBUG - {'code': 200, 'data': 'Client1, добро пожаловать в наш сервис'}
2019-03-19 10:43:17,742 - DEBUG - {'code': 200, 'data': 'Client1, добро пожаловать в наш сервис'}
2019-03-19 10:46:47,824 - DEBUG - До новых встреч
2019-03-19 10:46:50,834 - DEBUG - Сервер запущен и слушает порт:7777
2019-03-19 10:46:54,702 - DEBUG - Установленно соединение с => ('127.0.0.1', 49448)
2019-03-19 10:46:54,702 - DEBUG - Получено сообщение:
{'name_client': 'Client1', 'event': 'start'}
2019-03-19 10:46:54,702 - DEBUG - start
2019-03-19 10:46:54,703 - DEBUG - {'code': 200, 'data': 'Client1, добро пожаловать в наш сервис'}
2019-03-19 10:46:54,704 - DEBUG - {'code': 200, 'data': 'Client1, добро пожаловать в наш сервис'}
2019-03-19 10:46:54,704 - DEBUG - {'code': 200, 'data': 'Client1, добро пожаловать в наш сервис'}
2019-03-19 10:49:43,921 - DEBUG - До новых встреч
2019-03-19 10:49:46,097 - DEBUG - Сервер запущен и слушает порт:7777
2019-03-19 10:49:49,395 - DEBUG - Установленно соединение с => ('127.0.0.1', 49462)
2019-03-19 10:49:49,397 - DEBUG - Получено сообщение:
{'name_client': 'Client1', 'event': 'start'}
2019-03-19 10:49:49,399 - DEBUG - start
2019-03-19 10:49:49,405 - DEBUG - {'code': 200, 'data': 'Уважаемый Client1, библиотека находится за углом'}
2019-03-19 10:49:49,406 - DEBUG - {'code': 200, 'data': 'Уважаемый Client1, библиотека находится за углом'}
2019-03-19 10:52:30,101 - DEBUG - До новых встреч
2019-03-19 10:52:33,313 - DEBUG - Сервер запущен и слушает порт:7777
2019-03-19 10:52:36,592 - DEBUG - Установленно соединение с => ('127.0.0.1', 49482)
2019-03-19 10:52:36,592 - DEBUG - Получено сообщение:
{'name_client': 'Client1', 'event': 'start'}
2019-03-19 10:52:36,593 - DEBUG - start
2019-03-19 10:52:36,593 - DEBUG - Отправка сообщения: {"code": 200, "data": "Client1, \u0434\u043e\u0431\u0440\u043e \u043f\u043e\u0436\u0430\u043b\u043e\u0432\u0430\u0442\u044c \u0432 \u043d\u0430\u0448 \u0441\u0435\u0440\u0432\u0438\u0441"}
2019-03-19 10:52:36,594 - DEBUG - Получено сообщение: Специальное сообщение не в формате json
2019-03-19 10:52:36,594 - DEBUG - Отправка сообщения: {"event": null, "name_client": null, "data": "Action is not supported.", "code": 404}
2019-03-19 10:52:36,595 - DEBUG - Получено сообщение: {'name_client': 'Client1', 'event': 'message', 'text': 'Здраствуйте, не подскажите как пройти в библиотеку?'}
2019-03-19 10:52:36,595 - DEBUG - {'code': 200, 'data': 'Уважаемый Client1, библиотека находится за углом'}
2019-03-19 10:52:36,595 - DEBUG - Отправка сообщения: {"code": 200, "data": "\u0423\u0432\u0430\u0436\u0430\u0435\u043c\u044b\u0439 Client1, \u0431\u0438\u0431\u043b\u0438\u043e\u0442\u0435\u043a\u0430 \u043d\u0430\u0445\u043e\u0434\u0438\u0442\u0441\u044f \u0437\u0430 \u0443\u0433\u043b\u043e\u043c"}
2019-03-19 10:52:36,596 - DEBUG - Получено сообщение: Специальное сообщение не в формате json
2019-03-19 10:52:36,596 - DEBUG - Отправка сообщения: {"event": null, "name_client": null, "data": "Action is not supported.", "code": 404}
2019-03-19 10:52:36,600 - DEBUG - Получено сообщение: Специальное сообщение не в формате json
2019-03-19 10:52:36,602 - DEBUG - Отправка сообщения: {"event": null, "name_client": null, "data": "Action is not supported.", "code": 404}
2019-03-19 10:52:36,607 - DEBUG - Получено сообщение: Специальное сообщение не в формате json
2019-03-19 10:52:36,608 - DEBUG - Отправка сообщения: {"event": null, "name_client": null, "data": "Action is not supported.", "code": 404}
2019-03-19 10:52:36,608 - DEBUG - Получено сообщение: {'name_client': 'Client1', 'event': 'message', 'text': 'Здраствуйте, не подскажите как пройти в библиотеку?'}
2019-03-19 10:52:36,608 - DEBUG - {'code': 200, 'data': 'Уважаемый Client1, библиотека находится за углом'}
2019-03-19 10:52:36,608 - DEBUG - Отправка сообщения: {"code": 200, "data": "\u0423\u0432\u0430\u0436\u0430\u0435\u043c\u044b\u0439 Client1, \u0431\u0438\u0431\u043b\u0438\u043e\u0442\u0435\u043a\u0430 \u043d\u0430\u0445\u043e\u0434\u0438\u0442\u0441\u044f \u0437\u0430 \u0443\u0433\u043b\u043e\u043c"}
2019-03-19 10:57:21,575 - DEBUG - Установленно соединение с => ('127.0.0.1', 49518)
2019-03-19 10:57:21,575 - DEBUG - Получено сообщение:
{'name_client': 'Client1', 'event': 'start'}
2019-03-19 10:57:21,575 - DEBUG - start
2019-03-19 10:57:21,576 - DEBUG - Отправка сообщения: {"code": 200, "data": "Client1, \u0434\u043e\u0431\u0440\u043e \u043f\u043e\u0436\u0430\u043b\u043e\u0432\u0430\u0442\u044c \u0432 \u043d\u0430\u0448 \u0441\u0435\u0440\u0432\u0438\u0441"}
2019-03-19 10:57:21,576 - DEBUG - Получено сообщение: {'name_client': 'Client1', 'event': 'message', 'text': 'Здраствуйте, не подскажите как пройти в библиотеку?'}
2019-03-19 10:57:21,576 - DEBUG - {'code': 200, 'data': 'Уважаемый Client1, библиотека находится за углом'}
2019-03-19 10:57:21,576 - DEBUG - Отправка сообщения: {"code": 200, "data": "\u0423\u0432\u0430\u0436\u0430\u0435\u043c\u044b\u0439 Client1, \u0431\u0438\u0431\u043b\u0438\u043e\u0442\u0435\u043a\u0430 \u043d\u0430\u0445\u043e\u0434\u0438\u0442\u0441\u044f \u0437\u0430 \u0443\u0433\u043b\u043e\u043c"}
2019-03-19 10:57:21,577 - DEBUG - Получено сообщение: {'name_client': 'Client1', 'event': 'message', 'text': 'Здраствуйте, не подскажите как пройти в библиотеку?'}
2019-03-19 10:57:21,577 - DEBUG - {'code': 200, 'data': 'Уважаемый Client1, библиотека находится за углом'}
2019-03-19 10:57:21,577 - DEBUG - Отправка сообщения: {"code": 200, "data": "\u0423\u0432\u0430\u0436\u0430\u0435\u043c\u044b\u0439 Client1, \u0431\u0438\u0431\u043b\u0438\u043e\u0442\u0435\u043a\u0430 \u043d\u0430\u0445\u043e\u0434\u0438\u0442\u0441\u044f \u0437\u0430 \u0443\u0433\u043b\u043e\u043c"}
2019-03-19 10:57:21,583 - DEBUG - Получено сообщение: Специальное сообщение не в формате json
2019-03-19 10:57:21,584 - DEBUG - Отправка сообщения: {"event": null, "name_client": null, "data": "Action is not supported.", "code": 404}
2019-03-19 10:57:21,589 - DEBUG - Получено сообщение: {'name_client': 'Client1', 'event': 'message', 'text': 'Здраствуйте, не подскажите как пройти в библиотеку?'}
2019-03-19 10:57:21,589 - DEBUG - {'code': 200, 'data': 'Уважаемый Client1, библиотека находится за углом'}
2019-03-19 10:57:21,590 - DEBUG - Отправка сообщения: {"code": 200, "data": "\u0423\u0432\u0430\u0436\u0430\u0435\u043c\u044b\u0439 Client1, \u0431\u0438\u0431\u043b\u0438\u043e\u0442\u0435\u043a\u0430 \u043d\u0430\u0445\u043e\u0434\u0438\u0442\u0441\u044f \u0437\u0430 \u0443\u0433\u043b\u043e\u043c"}
2019-03-19 10:57:21,590 - DEBUG - Получено сообщение: Специальное сообщение не в формате json
2019-03-19 10:57:21,590 - DEBUG - Отправка сообщения: {"event": null, "name_client": null, "data": "Action is not supported.", "code": 404}
2019-03-19 10:57:21,591 - DEBUG - Получено сообщение: {'name_client': 'Client1', 'event': 'message', 'text': 'Здраствуйте, не подскажите как пройти в библиотеку?'}
2019-03-19 10:57:21,591 - DEBUG - {'code': 200, 'data': 'Уважаемый Client1, библиотека находится за углом'}
2019-03-19 10:57:21,591 - DEBUG - Отправка сообщения: {"code": 200, "data": "\u0423\u0432\u0430\u0436\u0430\u0435\u043c\u044b\u0439 Client1, \u0431\u0438\u0431\u043b\u0438\u043e\u0442\u0435\u043a\u0430 \u043d\u0430\u0445\u043e\u0434\u0438\u0442\u0441\u044f \u0437\u0430 \u0443\u0433\u043b\u043e\u043c"}
2019-03-19 16:59:35,066 - DEBUG - До новых встреч
2019-03-21 09:30:09,414 - DEBUG - Сервер запущен и слушает порт:7777
2019-03-21 09:30:16,193 - DEBUG - Установленно соединение с => ('127.0.0.1', 36520)
2019-03-21 09:30:16,193 - DEBUG - Получено сообщение:
{'name_client': 'Client1', 'event': 'start'}
2019-03-21 09:30:16,193 - DEBUG - start
2019-03-21 09:31:33,779 - DEBUG - Сервер запущен и слушает порт:7777
2019-03-21 09:31:38,520 - DEBUG - Установленно соединение с => ('127.0.0.1', 37192)
2019-03-21 09:31:38,520 - DEBUG - Получено сообщение:
{'name_client': 'Client1', 'event': 'start'}
2019-03-21 09:31:38,521 - DEBUG - start
2019-03-21 09:31:38,533 - DEBUG - Отправка сообщения: {"code": 200, "data": "Client1, \u0434\u043e\u0431\u0440\u043e \u043f\u043e\u0436\u0430\u043b\u043e\u0432\u0430\u0442\u044c \u0432 \u043d\u0430\u0448 \u0441\u0435\u0440\u0432\u0438\u0441"}
2019-03-21 09:31:38,537 - DEBUG - Получено сообщение: {'name_client': 'Client1', 'event': 'message', 'text': 'Здраствуйте, не подскажите как пройти в библиотеку?'}
2019-03-21 09:31:38,538 - DEBUG - {'code': 200, 'data': 'Уважаемый Client1, библиотека находится за углом'}
2019-03-21 09:31:38,538 - DEBUG - Отправка сообщения: {"code": 200, "data": "\u0423\u0432\u0430\u0436\u0430\u0435\u043c\u044b\u0439 Client1, \u0431\u0438\u0431\u043b\u0438\u043e\u0442\u0435\u043a\u0430 \u043d\u0430\u0445\u043e\u0434\u0438\u0442\u0441\u044f \u0437\u0430 \u0443\u0433\u043b\u043e\u043c"}
2019-03-21 09:31:38,540 - DEBUG - Получено сообщение: Специальное сообщение не в формате json
2019-03-21 09:31:38,541 - DEBUG - Отправка сообщения: {"event": null, "name_client": null, "data": "Action is not supported.", "code": 404}
2019-03-21 09:31:38,550 - DEBUG - Получено сообщение: {'name_client': 'Client1', 'event': 'message', 'text': 'Здраствуйте, не подскажите как пройти в библиотеку?'}
2019-03-21 09:31:38,551 - DEBUG - {'code': 200, 'data': 'Уважаемый Client1, библиотека находится за углом'}
2019-03-21 09:31:38,551 - DEBUG - Отправка сообщения: {"code": 200, "data": "\u0423\u0432\u0430\u0436\u0430\u0435\u043c\u044b\u0439 Client1, \u0431\u0438\u0431\u043b\u0438\u043e\u0442\u0435\u043a\u0430 \u043d\u0430\u0445\u043e\u0434\u0438\u0442\u0441\u044f \u0437\u0430 \u0443\u0433\u043b\u043e\u043c"}
2019-03-21 09:31:38,552 - DEBUG - Получено сообщение: {'name_client': 'Client1', 'event': 'message', 'text': 'Здраствуйте, не подскажите как пройти в библиотеку?'}
2019-03-21 09:31:38,552 - DEBUG - {'code': 200, 'data': 'Уважаемый Client1, библиотека находится за углом'}
2019-03-21 09:31:38,552 - DEBUG - Отправка сообщения: {"code": 200, "data": "\u0423\u0432\u0430\u0436\u0430\u0435\u043c\u044b\u0439 Client1, \u0431\u0438\u0431\u043b\u0438\u043e\u0442\u0435\u043a\u0430 \u043d\u0430\u0445\u043e\u0434\u0438\u0442\u0441\u044f \u0437\u0430 \u0443\u0433\u043b\u043e\u043c"}
2019-03-21 09:31:38,553 - DEBUG - Получено сообщение: Специальное сообщение не в формате json
2019-03-21 09:31:38,554 - DEBUG - Отправка сообщения: {"event": null, "name_client": null, "data": "Action is not supported.", "code": 404}
2019-03-21 09:31:38,555 - DEBUG - Получено сообщение: {'name_client': 'Client1', 'event': 'message', 'text': 'Здраствуйте, не подскажите как пройти в библиотеку?'}
2019-03-21 09:31:38,558 - DEBUG - {'code': 200, 'data': 'Уважаемый Client1, библиотека находится за углом'}
2019-03-21 09:31:38,561 - DEBUG - Отправка сообщения: {"code": 200, "data": "\u0423\u0432\u0430\u0436\u0430\u0435\u043c\u044b\u0439 Client1, \u0431\u0438\u0431\u043b\u0438\u043e\u0442\u0435\u043a\u0430 \u043d\u0430\u0445\u043e\u0434\u0438\u0442\u0441\u044f \u0437\u0430 \u0443\u0433\u043b\u043e\u043c"}
2019-03-21 09:32:08,547 - DEBUG - Установленно соединение с => ('127.0.0.1', 37436)
2019-03-21 09:32:08,547 - DEBUG - Получено сообщение:
{'name_client': 'Client1', 'event': 'start'}
2019-03-21 09:32:08,547 - DEBUG - start
2019-03-21 09:32:08,548 - DEBUG - Отправка сообщения: {"code": 200, "data": "Client1, \u0434\u043e\u0431\u0440\u043e \u043f\u043e\u0436\u0430\u043b\u043e\u0432\u0430\u0442\u044c \u0432 \u043d\u0430\u0448 \u0441\u0435\u0440\u0432\u0438\u0441"}
2019-03-21 09:32:08,548 - DEBUG - Получено сообщение: Специальное сообщение не в формате json
2019-03-21 09:32:08,548 - DEBUG - Отправка сообщения: {"event": null, "name_client": null, "data": "Action is not supported.", "code": 404}
2019-03-21 09:32:08,549 - DEBUG - Получено сообщение: {'name_client': 'Client1', 'event': 'message', 'text': 'Здраствуйте, не подскажите как пройти в библиотеку?'}
2019-03-21 09:32:08,549 - DEBUG - {'code': 200, 'data': 'Уважаемый Client1, библиотека находится за углом'}
2019-03-21 09:32:08,549 - DEBUG - Отправка сообщения: {"code": 200, "data": "\u0423\u0432\u0430\u0436\u0430\u0435\u043c\u044b\u0439 Client1, \u0431\u0438\u0431\u043b\u0438\u043e\u0442\u0435\u043a\u0430 \u043d\u0430\u0445\u043e\u0434\u0438\u0442\u0441\u044f \u0437\u0430 \u0443\u0433\u043b\u043e\u043c"}
2019-03-21 09:32:08,549 - DEBUG - Получено сообщение: Специальное сообщение не в формате json
2019-03-21 09:32:08,550 - DEBUG - Отправка сообщения: {"event": null, "name_client": null, "data": "Action is not supported.", "code": 404}
2019-03-21 09:32:08,550 - DEBUG - Получено сообщение: {'name_client': 'Client1', 'event': 'message', 'text': 'Здраствуйте, не подскажите как пройти в библиотеку?'}
2019-03-21 09:32:08,550 - DEBUG - {'code': 200, 'data': 'Уважаемый Client1, библиотека находится за углом'}
2019-03-21 09:32:08,551 - DEBUG - Отправка сообщения: {"code": 200, "data": "\u0423\u0432\u0430\u0436\u0430\u0435\u043c\u044b\u0439 Client1, \u0431\u0438\u0431\u043b\u0438\u043e\u0442\u0435\u043a\u0430 \u043d\u0430\u0445\u043e\u0434\u0438\u0442\u0441\u044f \u0437\u0430 \u0443\u0433\u043b\u043e\u043c"}
2019-03-21 09:32:08,551 - DEBUG - Получено сообщение: Специальное сообщение не в формате json
2019-03-21 09:32:08,551 - DEBUG - Отправка сообщения: {"event": null, "name_client": null, "data": "Action is not supported.", "code": 404}
2019-03-21 09:32:08,552 - DEBUG - Получено сообщение: Специальное сообщение не в формате json
2019-03-21 09:32:08,552 - DEBUG - Отправка сообщения: {"event": null, "name_client": null, "data": "Action is not supported.", "code": 404}
2019-03-21 14:29:41,637 - DEBUG - До новых встреч
2019-03-22 08:52:12,638 - DEBUG - Сервер запущен и слушает порт:7777
2019-03-22 08:52:20,151 - DEBUG - Установленно соединение с => ('127.0.0.1', 53678)
2019-03-22 08:52:20,152 - DEBUG - Получено сообщение:
{'name_client': 'Client1', 'event': 'start'}
2019-03-22 08:52:20,152 - DEBUG - start
2019-03-22 08:52:20,166 - DEBUG - Отправка сообщения: {"code": 200, "data": "Client1, \u0434\u043e\u0431\u0440\u043e \u043f\u043e\u0436\u0430\u043b\u043e\u0432\u0430\u0442\u044c \u0432 \u043d\u0430\u0448 \u0441\u0435\u0440\u0432\u0438\u0441"}
2019-03-22 08:52:20,166 - DEBUG - Получено сообщение: {'name_client': 'Client1', 'event': 'message', 'text': 'Здраствуйте, не подскажите как пройти в библиотеку?'}
2019-03-22 08:52:20,167 - DEBUG - {'code': 200, 'data': 'Уважаемый Client1, библиотека находится за углом'}
2019-03-22 08:52:20,167 - DEBUG - Отправка сообщения: {"code": 200, "data": "\u0423\u0432\u0430\u0436\u0430\u0435\u043c\u044b\u0439 Client1, \u0431\u0438\u0431\u043b\u0438\u043e\u0442\u0435\u043a\u0430 \u043d\u0430\u0445\u043e\u0434\u0438\u0442\u0441\u044f \u0437\u0430 \u0443\u0433\u043b\u043e\u043c"}
2019-03-22 08:52:20,167 - DEBUG - Получено сообщение: {'name_client': 'Client1', 'event': 'message', 'text': 'Здраствуйте, не подскажите как пройти в библиотеку?'}
2019-03-22 08:52:20,168 - DEBUG - {'code': 200, 'data': 'Уважаемый Client1, библиотека находится за углом'}
2019-03-22 08:52:20,168 - DEBUG - Отправка сообщения: {"code": 200, "data": "\u0423\u0432\u0430\u0436\u0430\u0435\u043c\u044b\u0439 Client1, \u0431\u0438\u0431\u043b\u0438\u043e\u0442\u0435\u043a\u0430 \u043d\u0430\u0445\u043e\u0434\u0438\u0442\u0441\u044f \u0437\u0430 \u0443\u0433\u043b\u043e\u043c"}
2019-03-22 08:52:20,175 - DEBUG - Получено сообщение: {'name_client': 'Client1', 'event': 'message', 'text': 'Здраствуйте, не подскажите как пройти в библиотеку?'}
2019-03-22 08:52:20,177 - DEBUG - {'code': 200, 'data': 'Уважаемый Client1, библиотека находится за углом'}
2019-03-22 08:52:20,177 - DEBUG - Отправка сообщения: {"code": 200, "data": "\u0423\u0432\u0430\u0436\u0430\u0435\u043c\u044b\u0439 Client1, \u0431\u0438\u0431\u043b\u0438\u043e\u0442\u0435\u043a\u0430 \u043d\u0430\u0445\u043e\u0434\u0438\u0442\u0441\u044f \u0437\u0430 \u0443\u0433\u043b\u043e\u043c"}
2019-03-22 08:52:20,178 - DEBUG - Получено сообщение: Специальное сообщение не в формате json
2019-03-22 08:52:20,178 - DEBUG - Отправка сообщения: {"event": null, "name_client": null, "data": "Action is not supported.", "code": 404}
2019-03-22 08:52:20,178 - DEBUG - Получено сообщение: {'name_client': 'Client1', 'event': 'message', 'text': 'Здраствуйте, не подскажите как пройти в библиотеку?'}
2019-03-22 08:52:20,179 - DEBUG - {'code': 200, 'data': 'Уважаемый Client1, библиотека находится за углом'}
2019-03-22 08:52:20,179 - DEBUG - Отправка сообщения: {"code": 200, "data": "\u0423\u0432\u0430\u0436\u0430\u0435\u043c\u044b\u0439 Client1, \u0431\u0438\u0431\u043b\u0438\u043e\u0442\u0435\u043a\u0430 \u043d\u0430\u0445\u043e\u0434\u0438\u0442\u0441\u044f \u0437\u0430 \u0443\u0433\u043b\u043e\u043c"}
2019-03-22 08:52:20,179 - DEBUG - Получено сообщение: {'name_client': 'Client1', 'event': 'message', 'text': 'Здраствуйте, не подскажите как пройти в библиотеку?'}
2019-03-22 08:52:20,180 - DEBUG - {'code': 200, 'data': 'Уважаемый Client1, библиотека находится за углом'}
2019-03-22 08:52:20,180 - DEBUG - Отправка сообщения: {"code": 200, "data": "\u0423\u0432\u0430\u0436\u0430\u0435\u043c\u044b\u0439 Client1, \u0431\u0438\u0431\u043b\u0438\u043e\u0442\u0435\u043a\u0430 \u043d\u0430\u0445\u043e\u0434\u0438\u0442\u0441\u044f \u0437\u0430 \u0443\u0433\u043b\u043e\u043c"}
2019-03-22 08:57:08,272 - DEBUG - До новых встреч
2019-03-22 08:57:14,326 - DEBUG - Сервер запущен и слушает порт:7777
2019-03-22 08:57:19,526 - DEBUG - Установленно соединение с => ('127.0.0.1', 53752)
2019-03-22 08:57:19,528 - DEBUG - Получено сообщение:
{'name_client': 'Client1', 'event': 'start'}
2019-03-22 08:57:19,529 - DEBUG - start
2019-03-22 08:57:19,537 - DEBUG - Отправка сообщения: {"code": 200, "data": "Client1, \u0434\u043e\u0431\u0440\u043e \u043f\u043e\u0436\u0430\u043b\u043e\u0432\u0430\u0442\u044c \u0432 \u043d\u0430\u0448 \u0441\u0435\u0440\u0432\u0438\u0441"}
2019-03-22 08:57:19,537 - DEBUG - Получено сообщение: {'name_client': 'Client1', 'event': 'message', 'text': 'Здраствуйте, не подскажите как пройти в библиотеку?'}
2019-03-22 08:57:19,538 - DEBUG - {'code': 200, 'data': 'Уважаемый Client1, библиотека находится за углом'}
2019-03-22 08:57:19,538 - DEBUG - Отправка сообщения: {"code": 200, "data": "\u0423\u0432\u0430\u0436\u0430\u0435\u043c\u044b\u0439 Client1, \u0431\u0438\u0431\u043b\u0438\u043e\u0442\u0435\u043a\u0430 \u043d\u0430\u0445\u043e\u0434\u0438\u0442\u0441\u044f \u0437\u0430 \u0443\u0433\u043b\u043e\u043c"}
2019-03-22 08:57:19,538 - DEBUG - Получено сообщение: {'name_client': 'Client1', 'event': 'message', 'text': 'Здраствуйте, не подскажите как пройти в библиотеку?'}
2019-03-22 08:57:19,538 - DEBUG - {'code': 200, 'data': 'Уважаемый Client1, библиотека находится за углом'}
2019-03-22 08:57:19,538 - DEBUG - Отправка сообщения: {"code": 200, "data": "\u0423\u0432\u0430\u0436\u0430\u0435\u043c\u044b\u0439 Client1, \u0431\u0438\u0431\u043b\u0438\u043e\u0442\u0435\u043a\u0430 \u043d\u0430\u0445\u043e\u0434\u0438\u0442\u0441\u044f \u0437\u0430 \u0443\u0433\u043b\u043e\u043c"}
2019-03-22 08:57:19,539 - DEBUG - Получено сообщение: Специальное сообщение не в формате json
2019-03-22 08:57:19,539 - DEBUG - Отправка сообщения: {"event": null, "name_client": null, "data": "Action is not supported.", "code": 404}
2019-03-22 08:57:19,540 - DEBUG - Получено сообщение: Специальное сообщение не в формате json
2019-03-22 08:57:19,540 - DEBUG - Отправка сообщения: {"event": null, "name_client": null, "data": "Action is not supported.", "code": 404}
2019-03-22 08:57:19,540 - DEBUG - Получено сообщение: Специальное сообщение не в формате json
2019-03-22 08:57:19,540 - DEBUG - Отправка сообщения: {"event": null, "name_client": null, "data": "Action is not supported.", "code": 404}
2019-03-22 08:57:19,541 - DEBUG - Получено сообщение: Специальное сообщение не в формате json
2019-03-22 08:57:19,541 - DEBUG - Отправка сообщения: {"event": null, "name_client": null, "data": "Action is not supported.", "code": 404}
2019-03-22 09:00:04,269 - DEBUG - Установленно соединение с => ('127.0.0.1', 53908)
2019-03-22 09:00:04,272 - DEBUG - Получено сообщение:
{'name_client': 'Client1', 'event': 'start'}
2019-03-22 09:00:04,273 - DEBUG - start
2019-03-22 09:00:04,274 - DEBUG - Отправка сообщения: {"code": 200, "data": "Client1, \u0434\u043e\u0431\u0440\u043e \u043f\u043e\u0436\u0430\u043b\u043e\u0432\u0430\u0442\u044c \u0432 \u043d\u0430\u0448 \u0441\u0435\u0440\u0432\u0438\u0441"}
2019-03-22 09:00:04,275 - DEBUG - Получено сообщение: {'name_client': 'Client1', 'event': 'message', 'text': 'Здраствуйте, не подскажите как пройти в библиотеку?'}
2019-03-22 09:00:04,275 - DEBUG - {'code': 200, 'data': 'Уважаемый Client1, библиотека находится за углом'}
2019-03-22 09:00:04,275 - DEBUG - Отправка сообщения: {"code": 200, "data": "\u0423\u0432\u0430\u0436\u0430\u0435\u043c\u044b\u0439 Client1, \u0431\u0438\u0431\u043b\u0438\u043e\u0442\u0435\u043a\u0430 \u043d\u0430\u0445\u043e\u0434\u0438\u0442\u0441\u044f \u0437\u0430 \u0443\u0433\u043b\u043e\u043c"}
2019-03-22 09:00:04,276 - DEBUG - Получено сообщение: {'name_client': 'Client1', 'event': 'message', 'text': 'Здраствуйте, не подскажите как пройти в библиотеку?'}
2019-03-22 09:00:04,276 - DEBUG - {'code': 200, 'data': 'Уважаемый Client1, библиотека находится за углом'}
2019-03-22 09:00:04,276 - DEBUG - Отправка сообщения: {"code": 200, "data": "\u0423\u0432\u0430\u0436\u0430\u0435\u043c\u044b\u0439 Client1, \u0431\u0438\u0431\u043b\u0438\u043e\u0442\u0435\u043a\u0430 \u043d\u0430\u0445\u043e\u0434\u0438\u0442\u0441\u044f \u0437\u0430 \u0443\u0433\u043b\u043e\u043c"}
2019-03-22 09:00:04,276 - DEBUG - Получено сообщение: {'name_client': 'Client1', 'event': 'message', 'text': 'Здраствуйте, не подскажите как пройти в библиотеку?'}
2019-03-22 09:00:04,277 - DEBUG - {'code': 200, 'data': 'Уважаемый Client1, библиотека находится за углом'}
2019-03-22 09:00:04,277 - DEBUG - Отправка сообщения: {"code": 200, "data": "\u0423\u0432\u0430\u0436\u0430\u0435\u043c\u044b\u0439 Client1, \u0431\u0438\u0431\u043b\u0438\u043e\u0442\u0435\u043a\u0430 \u043d\u0430\u0445\u043e\u0434\u0438\u0442\u0441\u044f \u0437\u0430 \u0443\u0433\u043b\u043e\u043c"}
2019-03-22 09:00:04,277 - DEBUG - Получено сообщение: Специальное сообщение не в формате json
2019-03-22 09:00:04,277 - DEBUG - Отправка сообщения: {"event": null, "name_client": null, "data": "Action is not supported.", "code": 404}
2019-03-22 09:00:04,278 - DEBUG - Получено сообщение: {'name_client': 'Client1', 'event': 'message', 'text': 'Здраствуйте, не подскажите как пройти в библиотеку?'}
2019-03-22 09:00:04,278 - DEBUG - {'code': 200, 'data': 'Уважаемый Client1, библиотека находится за углом'}
2019-03-22 09:00:04,278 - DEBUG - Отправка сообщения: {"code": 200, "data": "\u0423\u0432\u0430\u0436\u0430\u0435\u043c\u044b\u0439 Client1, \u0431\u0438\u0431\u043b\u0438\u043e\u0442\u0435\u043a\u0430 \u043d\u0430\u0445\u043e\u0434\u0438\u0442\u0441\u044f \u0437\u0430 \u0443\u0433\u043b\u043e\u043c"}
2019-03-22 09:00:04,278 - DEBUG - Получено сообщение: Специальное сообщение не в формате json
2019-03-22 09:00:04,278 - DEBUG - Отправка сообщения: {"event": null, "name_client": null, "data": "Action is not supported.", "code": 404}
2019-03-22 09:00:43,591 - DEBUG - Установленно соединение с => ('127.0.0.1', 53922)
2019-03-22 09:00:43,593 - DEBUG - Получено сообщение:
{'name_client': 'Client1', 'event': 'start'}
2019-03-22 09:00:43,594 - DEBUG - start
2019-03-22 09:00:43,596 - DEBUG - Отправка сообщения: {"code": 200, "data": "Client1, \u0434\u043e\u0431\u0440\u043e \u043f\u043e\u0436\u0430\u043b\u043e\u0432\u0430\u0442\u044c \u0432 \u043d\u0430\u0448 \u0441\u0435\u0440\u0432\u0438\u0441"}
2019-03-22 09:00:43,598 - DEBUG - Получено сообщение: {'name_client': 'Client1', 'event': 'message', 'text': 'Здраствуйте, не подскажите как пройти в библиотеку?'}
2019-03-22 09:00:43,598 - DEBUG - {'code': 200, 'data': 'Уважаемый Client1, библиотека находится за углом'}
2019-03-22 09:00:43,598 - DEBUG - Отправка сообщения: {"code": 200, "data": "\u0423\u0432\u0430\u0436\u0430\u0435\u043c\u044b\u0439 Client1, \u0431\u0438\u0431\u043b\u0438\u043e\u0442\u0435\u043a\u0430 \u043d\u0430\u0445\u043e\u0434\u0438\u0442\u0441\u044f \u0437\u0430 \u0443\u0433\u043b\u043e\u043c"}
2019-03-22 09:00:43,599 - DEBUG - Получено сообщение: Специальное сообщение не в формате json
2019-03-22 09:00:43,599 - DEBUG - Отправка сообщения: {"event": null, "name_client": null, "data": "Action is not supported.", "code": 404}
2019-03-22 09:00:43,600 - DEBUG - Получено сообщение: Специальное сообщение не в формате json
2019-03-22 09:00:43,600 - DEBUG - Отправка сообщения: {"event": null, "name_client": null, "data": "Action is not supported.", "code": 404}
2019-03-22 09:00:43,601 - DEBUG - Получено сообщение: Специальное сообщение не в формате json
2019-03-22 09:00:43,601 - DEBUG - Отправка сообщения: {"event": null, "name_client": null, "data": "Action is not supported.", "code": 404}
2019-03-22 09:00:43,602 - DEBUG - Получено сообщение: {'name_client': 'Client1', 'event': 'message', 'text': 'Здраствуйте, не подскажите как пройти в библиотеку?'}
2019-03-22 09:00:43,602 - DEBUG - {'code': 200, 'data': 'Уважаемый Client1, библиотека находится за углом'}
2019-03-22 09:00:43,602 - DEBUG - Отправка сообщения: {"code": 200, "data": "\u0423\u0432\u0430\u0436\u0430\u0435\u043c\u044b\u0439 Client1, \u0431\u0438\u0431\u043b\u0438\u043e\u0442\u0435\u043a\u0430 \u043d\u0430\u0445\u043e\u0434\u0438\u0442\u0441\u044f \u0437\u0430 \u0443\u0433\u043b\u043e\u043c"}
2019-03-22 09:00:43,603 - DEBUG - Получено сообщение: {'name_client': 'Client1', 'event': 'message', 'text': 'Здраствуйте, не подскажите как пройти в библиотеку?'}
2019-03-22 09:00:43,603 - DEBUG - {'code': 200, 'data': 'Уважаемый Client1, библиотека находится за углом'}
2019-03-22 09:00:43,603 - DEBUG - Отправка сообщения: {"code": 200, "data": "\u0423\u0432\u0430\u0436\u0430\u0435\u043c\u044b\u0439 Client1, \u0431\u0438\u0431\u043b\u0438\u043e\u0442\u0435\u043a\u0430 \u043d\u0430\u0445\u043e\u0434\u0438\u0442\u0441\u044f \u0437\u0430 \u0443\u0433\u043b\u043e\u043c"}
2019-03-22 09:01:54,841 - DEBUG - Установленно соединение с => ('127.0.0.1', 53934)
2019-03-22 09:01:54,843 - DEBUG - Получено сообщение:
{'name_client': 'Client1', 'event': 'start'}
2019-03-22 09:01:54,844 - DEBUG - start
2019-03-22 09:01:54,847 - DEBUG - Отправка сообщения: {"code": 200, "data": "Client1, \u0434\u043e\u0431\u0440\u043e \u043f\u043e\u0436\u0430\u043b\u043e\u0432\u0430\u0442\u044c \u0432 \u043d\u0430\u0448 \u0441\u0435\u0440\u0432\u0438\u0441"}
2019-03-22 09:01:54,848 - DEBUG - Получено сообщение: Специальное сообщение не в формате json
2019-03-22 09:01:54,848 - DEBUG - Отправка сообщения: {"event": null, "name_client": null, "data": "Action is not supported.", "code": 404}
2019-03-22 09:01:54,849 - DEBUG - Получено сообщение: Специальное сообщение не в формате json
2019-03-22 09:01:54,849 - DEBUG - Отправка сообщения: {"event": null, "name_client": null, "data": "Action is not supported.", "code": 404}
2019-03-22 09:01:54,849 - DEBUG - Получено сообщение: {'name_client': 'Client1', 'event': 'message', 'text': 'Здраствуйте, не подскажите как пройти в библиотеку?'}
2019-03-22 09:01:54,850 - DEBUG - {'code': 200, 'data': 'Уважаемый Client1, библиотека находится за углом'}
2019-03-22 09:01:54,850 - DEBUG - Отправка сообщения: {"code": 200, "data": "\u0423\u0432\u0430\u0436\u0430\u0435\u043c\u044b\u0439 Client1, \u0431\u0438\u0431\u043b\u0438\u043e\u0442\u0435\u043a\u0430 \u043d\u0430\u0445\u043e\u0434\u0438\u0442\u0441\u044f \u0437\u0430 \u0443\u0433\u043b\u043e\u043c"}
2019-03-22 09:01:54,850 - DEBUG - Получено сообщение: {'name_client': 'Client1', 'event': 'message', 'text': 'Здраствуйте, не подскажите как пройти в библиотеку?'}
2019-03-22 09:01:54,850 - DEBUG - {'code': 200, 'data': 'Уважаемый Client1, библиотека находится за углом'}
2019-03-22 09:01:54,850 - DEBUG - Отправка сообщения: {"code": 200, "data": "\u0423\u0432\u0430\u0436\u0430\u0435\u043c\u044b\u0439 Client1, \u0431\u0438\u0431\u043b\u0438\u043e\u0442\u0435\u043a\u0430 \u043d\u0430\u0445\u043e\u0434\u0438\u0442\u0441\u044f \u0437\u0430 \u0443\u0433\u043b\u043e\u043c"}
2019-03-22 09:01:54,851 - DEBUG - Получено сообщение: Специальное сообщение не в формате json
2019-03-22 09:01:54,851 - DEBUG - Отправка сообщения: {"event": null, "name_client": null, "data": "Action is not supported.", "code": 404}
2019-03-22 09:01:54,851 - DEBUG - Получено сообщение: {'name_client': 'Client1', 'event': 'message', 'text': 'Здраствуйте, не подскажите как пройти в библиотеку?'}
2019-03-22 09:01:54,852 - DEBUG - {'code': 200, 'data': 'Уважаемый Client1, библиотека находится за углом'}
2019-03-22 09:01:54,852 - DEBUG - Отправка сообщения: {"code": 200, "data": "\u0423\u0432\u0430\u0436\u0430\u0435\u043c\u044b\u0439 Client1, \u0431\u0438\u0431\u043b\u0438\u043e\u0442\u0435\u043a\u0430 \u043d\u0430\u0445\u043e\u0434\u0438\u0442\u0441\u044f \u0437\u0430 \u0443\u0433\u043b\u043e\u043c"}
2019-03-22 09:07:32,787 - DEBUG - До новых встреч
2019-03-22 09:07:36,307 - DEBUG - Сервер запущен и слушает порт:7777
2019-03-22 09:07:42,055 - DEBUG - Установленно соединение с => ('127.0.0.1', 54080)
2019-03-22 09:07:42,055 - DEBUG - Получено сообщение:
{'name_client': 'Client1', 'event': 'start'}
2019-03-22 09:07:42,055 - DEBUG - start
2019-03-22 09:07:42,089 - DEBUG - Отправка сообщения: {"code": 200, "data": "Client1, \u0434\u043e\u0431\u0440\u043e \u043f\u043e\u0436\u0430\u043b\u043e\u0432\u0430\u0442\u044c \u0432 \u043d\u0430\u0448 \u0441\u0435\u0440\u0432\u0438\u0441"}
2019-03-22 09:07:42,089 - DEBUG - Получено сообщение: {'name_client': 'Client1', 'event': 'message', 'text': 'Здраствуйте, не подскажите как пройти в библиотеку?'}
2019-03-22 09:07:42,090 - DEBUG - {'code': 200, 'data': 'Уважаемый Client1, библиотека находится за углом'}
2019-03-22 09:07:42,090 - DEBUG - Отправка сообщения: {"code": 200, "data": "\u0423\u0432\u0430\u0436\u0430\u0435\u043c\u044b\u0439 Client1, \u0431\u0438\u0431\u043b\u0438\u043e\u0442\u0435\u043a\u0430 \u043d\u0430\u0445\u043e\u0434\u0438\u0442\u0441\u044f \u0437\u0430 \u0443\u0433\u043b\u043e\u043c"}
2019-03-22 09:07:42,090 - DEBUG - Получено сообщение: Специальное сообщение не в формате json
2019-03-22 09:07:42,090 - DEBUG - Отправка сообщения: {"event": null, "name_client": null, "data": "Action is not supported.", "code": 404}
2019-03-22 09:07:42,091 - DEBUG - Получено сообщение: {'name_client': 'Client1', 'event': 'message', 'text': 'Здраствуйте, не подскажите как пройти в библиотеку?'}
2019-03-22 09:07:42,091 - DEBUG - {'code': 200, 'data': 'Уважаемый Client1, библиотека находится за углом'}
2019-03-22 09:07:42,091 - DEBUG - Отправка сообщения: {"code": 200, "data": "\u0423\u0432\u0430\u0436\u0430\u0435\u043c\u044b\u0439 Client1, \u0431\u0438\u0431\u043b\u0438\u043e\u0442\u0435\u043a\u0430 \u043d\u0430\u0445\u043e\u0434\u0438\u0442\u0441\u044f \u0437\u0430 \u0443\u0433\u043b\u043e\u043c"}
2019-03-22 09:07:42,092 - DEBUG - Получено сообщение: Специальное сообщение не в формате json
2019-03-22 09:07:42,092 - DEBUG - Отправка сообщения: {"event": null, "name_client": null, "data": "Action is not supported.", "code": 404}
2019-03-22 09:07:42,096 - DEBUG - Получено сообщение: Специальное сообщение не в формате json
2019-03-22 09:07:42,098 - DEBUG - Отправка сообщения: {"event": null, "name_client": null, "data": "Action is not supported.", "code": 404}
2019-03-22 09:07:42,102 - DEBUG - Получено сообщение: Специальное сообщение не в формате json
2019-03-22 09:07:42,102 - DEBUG - Отправка сообщения: {"event": null, "name_client": null, "data": "Action is not supported.", "code": 404}
2019-03-22 09:14:13,471 - DEBUG - До новых встреч
2019-03-22 09:14:13,699 - DEBUG - Сервер запущен и слушает порт:7777
2019-03-22 09:14:19,793 - DEBUG - Установленно соединение с => ('127.0.0.1', 54194)
2019-03-22 09:14:19,793 - DEBUG - Получено сообщение:
{'name_client': 'Client1', 'event': 'start'}
2019-03-22 09:14:19,793 - DEBUG - start
2019-03-22 09:14:19,827 - DEBUG - Отправка сообщения: {"code": 200, "data": "Client1, \u0434\u043e\u0431\u0440\u043e \u043f\u043e\u0436\u0430\u043b\u043e\u0432\u0430\u0442\u044c \u0432 \u043d\u0430\u0448 \u0441\u0435\u0440\u0432\u0438\u0441"}
2019-03-22 09:14:19,828 - DEBUG - Получено сообщение: Специальное сообщение не в формате json
2019-03-22 09:14:19,828 - DEBUG - Отправка сообщения: {"event": null, "name_client": null, "data": "Action is not supported.", "code": 404}
2019-03-22 09:14:19,828 - DEBUG - Получено сообщение: {'name_client': 'Client1', 'event': 'message', 'text': 'Здраствуйте, не подскажите как пройти в библиотеку?'}
2019-03-22 09:14:19,829 - DEBUG - {'code': 200, 'data': 'Уважаемый Client1, библиотека находится за углом'}
2019-03-22 09:14:19,829 - DEBUG - Отправка сообщения: {"code": 200, "data": "\u0423\u0432\u0430\u0436\u0430\u0435\u043c\u044b\u0439 Client1, \u0431\u0438\u0431\u043b\u0438\u043e\u0442\u0435\u043a\u0430 \u043d\u0430\u0445\u043e\u0434\u0438\u0442\u0441\u044f \u0437\u0430 \u0443\u0433\u043b\u043e\u043c"}
2019-03-22 09:14:19,830 - DEBUG - Получено сообщение: Специальное сообщение не в формате json
2019-03-22 09:14:19,830 - DEBUG - Отправка сообщения: {"event": null, "name_client": null, "data": "Action is not supported.", "code": 404}
2019-03-22 09:14:19,831 - DEBUG - Получено сообщение: {'name_client': 'Client1', 'event': 'message', 'text': 'Здраствуйте, не подскажите как пройти в библиотеку?'}
2019-03-22 09:14:19,831 - DEBUG - {'code': 200, 'data': 'Уважаемый Client1, библиотека находится за углом'}
2019-03-22 09:14:19,831 - DEBUG - Отправка сообщения: {"code": 200, "data": "\u0423\u0432\u0430\u0436\u0430\u0435\u043c\u044b\u0439 Client1, \u0431\u0438\u0431\u043b\u0438\u043e\u0442\u0435\u043a\u0430 \u043d\u0430\u0445\u043e\u0434\u0438\u0442\u0441\u044f \u0437\u0430 \u0443\u0433\u043b\u043e\u043c"}
2019-03-22 09:14:19,832 - DEBUG - Получено сообщение: Специальное сообщение не в формате json
2019-03-22 09:14:19,832 - DEBUG - Отправка сообщения: {"event": null, "name_client": null, "data": "Action is not supported.", "code": 404}
2019-03-22 09:14:19,833 - DEBUG - Получено сообщение: Специальное сообщение не в формате json
2019-03-22 09:14:19,833 - DEBUG - Отправка сообщения: {"event": null, "name_client": null, "data": "Action is not supported.", "code": 404}
2019-03-22 09:14:47,994 - DEBUG - До новых встреч
2019-03-22 09:14:50,371 - DEBUG - Сервер запущен и слушает порт:7777
2019-03-22 09:14:55,929 - DEBUG - Установленно соединение с => ('127.0.0.1', 54212)
2019-03-22 09:14:55,931 - DEBUG - Получено сообщение:
{'name_client': 'Client1', 'event': 'start'}
2019-03-22 09:14:55,933 - DEBUG - start
2019-03-22 09:14:55,973 - DEBUG - Отправка сообщения: {"code": 200, "data": "Client1, \u0434\u043e\u0431\u0440\u043e \u043f\u043e\u0436\u0430\u043b\u043e\u0432\u0430\u0442\u044c \u0432 \u043d\u0430\u0448 \u0441\u0435\u0440\u0432\u0438\u0441"}
2019-03-22 09:14:55,974 - DEBUG - Получено сообщение: {'name_client': 'Client1', 'event': 'message', 'text': 'Здраствуйте, не подскажите как пройти в библиотеку?'}
2019-03-22 09:14:55,974 - DEBUG - {'code': 200, 'data': 'Уважаемый Client1, библиотека находится за углом'}
2019-03-22 09:14:55,974 - DEBUG - Отправка сообщения: {"code": 200, "data": "\u0423\u0432\u0430\u0436\u0430\u0435\u043c\u044b\u0439 Client1, \u0431\u0438\u0431\u043b\u0438\u043e\u0442\u0435\u043a\u0430 \u043d\u0430\u0445\u043e\u0434\u0438\u0442\u0441\u044f \u0437\u0430 \u0443\u0433\u043b\u043e\u043c"}
2019-03-22 09:14:55,975 - DEBUG - Получено сообщение: Специальное сообщение не в формате json
2019-03-22 09:14:55,975 - DEBUG - Отправка сообщения: {"event": null, "name_client": null, "data": "Action is not supported.", "code": 404}
2019-03-22 09:14:55,975 - DEBUG - Получено сообщение: Специальное сообщение не в формате json
2019-03-22 09:14:55,975 - DEBUG - Отправка сообщения: {"event": null, "name_client": null, "data": "Action is not supported.", "code": 404}
2019-03-22 09:14:55,976 - DEBUG - Получено сообщение: Специальное сообщение не в формате json
2019-03-22 09:14:55,976 - DEBUG - Отправка сообщения: {"event": null, "name_client": null, "data": "Action is not supported.", "code": 404}
2019-03-22 09:14:55,976 - DEBUG - Получено сообщение: Специальное сообщение не в формате json
2019-03-22 09:14:55,976 - DEBUG - Отправка сообщения: {"event": null, "name_client": null, "data": "Action is not supported.", "code": 404}
2019-03-22 09:14:55,977 - DEBUG - Получено сообщение: {'name_client': 'Client1', 'event': 'message', 'text': 'Здраствуйте, не подскажите как пройти в библиотеку?'}
2019-03-22 09:14:55,977 - DEBUG - {'code': 200, 'data': 'Уважаемый Client1, библиотека находится за углом'}
2019-03-22 09:14:55,977 - DEBUG - Отправка сообщения: {"code": 200, "data": "\u0423\u0432\u0430\u0436\u0430\u0435\u043c\u044b\u0439 Client1, \u0431\u0438\u0431\u043b\u0438\u043e\u0442\u0435\u043a\u0430 \u043d\u0430\u0445\u043e\u0434\u0438\u0442\u0441\u044f \u0437\u0430 \u0443\u0433\u043b\u043e\u043c"}
2019-03-22 09:17:15,924 - DEBUG - До новых встреч
2019-03-22 09:17:18,147 - DEBUG - Сервер запущен и слушает порт:7777
2019-03-22 09:17:22,537 - DEBUG - Установленно соединение с => ('127.0.0.1', 54232)
2019-03-22 09:17:22,537 - DEBUG - Получено сообщение:
{'name_client': 'Client1', 'event': 'start'}
2019-03-22 09:17:22,537 - DEBUG - start
2019-03-22 09:17:22,570 - DEBUG - Отправка сообщения: {"code": 200, "data": "Client1, \u0434\u043e\u0431\u0440\u043e \u043f\u043e\u0436\u0430\u043b\u043e\u0432\u0430\u0442\u044c \u0432 \u043d\u0430\u0448 \u0441\u0435\u0440\u0432\u0438\u0441"}
2019-03-22 09:17:22,571 - DEBUG - Получено сообщение: Специальное сообщение не в формате json
2019-03-22 09:17:22,571 - DEBUG - Отправка сообщения: {"event": null, "name_client": null, "data": "Action is not supported.", "code": 404}
2019-03-22 09:17:22,571 - DEBUG - Получено сообщение: {'name_client': 'Client1', 'event': 'message', 'text': 'Здраствуйте, не подскажите как пройти в библиотеку?'}
2019-03-22 09:17:22,572 - DEBUG - {'code': 200, 'data': 'Уважаемый Client1, библиотека находится за углом'}
2019-03-22 09:17:22,572 - DEBUG - Отправка сообщения: {"code": 200, "data": "\u0423\u0432\u0430\u0436\u0430\u0435\u043c\u044b\u0439 Client1, \u0431\u0438\u0431\u043b\u0438\u043e\u0442\u0435\u043a\u0430 \u043d\u0430\u0445\u043e\u0434\u0438\u0442\u0441\u044f \u0437\u0430 \u0443\u0433\u043b\u043e\u043c"}
2019-03-22 09:17:22,572 - DEBUG - Получено сообщение: Специальное сообщение не в формате json
2019-03-22 09:17:22,572 - DEBUG - Отправка сообщения: {"event": null, "name_client": null, "data": "Action is not supported.", "code": 404}
2019-03-22 09:17:22,573 - DEBUG - Получено сообщение: Специальное сообщение не в формате json
2019-03-22 09:17:22,573 - DEBUG - Отправка сообщения: {"event": null, "name_client": null, "data": "Action is not supported.", "code": 404}
2019-03-22 09:17:22,574 - DEBUG - Получено сообщение: {'name_client': 'Client1', 'event': 'message', 'text': 'Здраствуйте, не подскажите как пройти в библиотеку?'}
2019-03-22 09:17:22,574 - DEBUG - {'code': 200, 'data': 'Уважаемый Client1, библиотека находится за углом'}
2019-03-22 09:17:22,574 - DEBUG - Отправка сообщения: {"code": 200, "data": "\u0423\u0432\u0430\u0436\u0430\u0435\u043c\u044b\u0439 Client1, \u0431\u0438\u0431\u043b\u0438\u043e\u0442\u0435\u043a\u0430 \u043d\u0430\u0445\u043e\u0434\u0438\u0442\u0441\u044f \u0437\u0430 \u0443\u0433\u043b\u043e\u043c"}
2019-03-22 09:17:22,575 - DEBUG - Получено сообщение: {'name_client': 'Client1', 'event': 'message', 'text': 'Здраствуйте, не подскажите как пройти в библиотеку?'}
2019-03-22 09:17:22,580 - DEBUG - {'code': 200, 'data': 'Уважаемый Client1, библиотека находится за углом'}
2019-03-22 09:17:22,583 - DEBUG - Отправка сообщения: {"code": 200, "data": "\u0423\u0432\u0430\u0436\u0430\u0435\u043c\u044b\u0439 Client1, \u0431\u0438\u0431\u043b\u0438\u043e\u0442\u0435\u043a\u0430 \u043d\u0430\u0445\u043e\u0434\u0438\u0442\u0441\u044f \u0437\u0430 \u0443\u0433\u043b\u043e\u043c"}
2019-04-11 20:53:16,126 - DEBUG - Сервер запущен и слушает порт:7777
2019-04-11 20:53:23,693 - DEBUG - Установленно соединение с => ('127.0.0.1', 47260)
2019-04-11 20:53:40,091 - DEBUG - Получено сообщение:
{'name_client': 'Client1', 'event': ' start', 'name': ' Client'}
2019-04-11 20:53:40,091 - DEBUG -  start
2019-04-11 20:56:27,389 - DEBUG - Установленно соединение с => ('127.0.0.1', 47362)
2019-04-11 20:56:49,542 - DEBUG - Получено сообщение:
{'name_client': 'Client1', 'event': 'start', 'name': 'Client'}
2019-04-11 20:56:49,542 - DEBUG - start
2019-04-11 20:56:49,566 - DEBUG - Отправка сообщения: {"code": 200, "data": "Client1, \u0434\u043e\u0431\u0440\u043e \u043f\u043e\u0436\u0430\u043b\u043e\u0432\u0430\u0442\u044c \u0432 \u043d\u0430\u0448 \u0441\u0435\u0440\u0432\u0438\u0441"}
2019-04-11 20:57:56,920 - DEBUG - Получено сообщение: {'name_client': 'Client', 'event': 'message', 'text': 'Здраствуйте, не подскажите как пройти в библиотеку?'}
2019-04-11 20:57:56,922 - DEBUG - {'code': 200, 'data': 'Уважаемый Client, библиотека находится за углом'}
2019-04-11 20:57:56,923 - DEBUG - Отправка сообщения: {"code": 200, "data": "\u0423\u0432\u0430\u0436\u0430\u0435\u043c\u044b\u0439 Client, \u0431\u0438\u0431\u043b\u0438\u043e\u0442\u0435\u043a\u0430 \u043d\u0430\u0445\u043e\u0434\u0438\u0442\u0441\u044f \u0437\u0430 \u0443\u0433\u043b\u043e\u043c"}
2019-04-11 20:59:31,526 - DEBUG - Получено сообщение: Специальное сообщение не в формате json
2019-04-11 20:59:31,527 - DEBUG - Отправка сообщения: {"event": null, "name_client": null, "data": "Action is not supported.", "code": 404}
2019-04-11 20:59:43,196 - DEBUG - Получено сообщение: {'name_client': 'Client', 'event': 'Ghbdtnbrb', 'text': 'message'}
2019-04-11 20:59:43,197 - DEBUG - Отправка сообщения: {"event": "Ghbdtnbrb", "name_client": "Client", "data": "Action is not supported.", "code": 404}
2019-04-11 21:00:21,247 - DEBUG - Получено сообщение: Специальное сообщение не в формате json
2019-04-11 21:00:21,248 - DEBUG - Отправка сообщения: {"event": null, "name_client": null, "data": "Action is not supported.", "code": 404}
2019-04-11 21:00:40,557 - DEBUG - Получено сообщение: {'name_client': 'Client', 'event': 'message', 'text': 'Здраствуйте, не подскажите как пройти в библиотеку?'}
2019-04-11 21:00:40,559 - DEBUG - {'code': 200, 'data': 'Уважаемый Client, библиотека находится за углом'}
2019-04-11 21:00:40,559 - DEBUG - Отправка сообщения: {"code": 200, "data": "\u0423\u0432\u0430\u0436\u0430\u0435\u043c\u044b\u0439 Client, \u0431\u0438\u0431\u043b\u0438\u043e\u0442\u0435\u043a\u0430 \u043d\u0430\u0445\u043e\u0434\u0438\u0442\u0441\u044f \u0437\u0430 \u0443\u0433\u043b\u043e\u043c"}
2019-04-11 21:02:18,687 - DEBUG - Получено сообщение: Специальное сообщение не в формате json
2019-04-11 21:02:18,687 - DEBUG - Отправка сообщения: {"event": null, "name_client": null, "data": "Action is not supported.", "code": 404}
2019-04-11 21:02:48,140 - DEBUG - Получено сообщение: {'name_client': 'Client', 'event': 'message', 'text': 'client.py'}
2019-04-11 21:02:48,141 - DEBUG - {'code': 200, 'data': 'Уважаемый Client, библиотека находится за углом'}
2019-04-11 21:02:48,142 - DEBUG - Отправка сообщения: {"code": 200, "data": "\u0423\u0432\u0430\u0436\u0430\u0435\u043c\u044b\u0439 Client, \u0431\u0438\u0431\u043b\u0438\u043e\u0442\u0435\u043a\u0430 \u043d\u0430\u0445\u043e\u0434\u0438\u0442\u0441\u044f \u0437\u0430 \u0443\u0433\u043b\u043e\u043c"}
2019-04-11 21:03:00,757 - DEBUG - Получено сообщение: {'name_client': 'Client', 'event': 'message', 'text': 'sfervebeb'}
2019-04-11 21:03:00,759 - DEBUG - {'code': 200, 'data': 'Уважаемый Client, библиотека находится за углом'}
2019-04-11 21:03:00,759 - DEBUG - Отправка сообщения: {"code": 200, "data": "\u0423\u0432\u0430\u0436\u0430\u0435\u043c\u044b\u0439 Client, \u0431\u0438\u0431\u043b\u0438\u043e\u0442\u0435\u043a\u0430 \u043d\u0430\u0445\u043e\u0434\u0438\u0442\u0441\u044f \u0437\u0430 \u0443\u0433\u043b\u043e\u043c"}
2019-04-11 21:03:26,288 - DEBUG - До новых встреч
2019-04-11 21:16:06,000 - DEBUG - Сервер запущен и слушает порт:7777
2019-04-11 21:16:12,728 - DEBUG - Установленно соединение с => ('127.0.0.1', 47822)
2019-04-11 21:16:48,712 - DEBUG - Установленно соединение с => ('127.0.0.1', 47832)
2019-04-11 21:16:48,712 - DEBUG - Получено сообщение:
{'name_client': 'Vasya', 'event': 'start'}
2019-04-11 21:16:48,712 - DEBUG - start
2019-04-11 21:16:48,732 - DEBUG - Отправка сообщения: {"code": 200, "data": "Vasya, \u0434\u043e\u0431\u0440\u043e \u043f\u043e\u0436\u0430\u043b\u043e\u0432\u0430\u0442\u044c \u0432 \u043d\u0430\u0448 \u0441\u0435\u0440\u0432\u0438\u0441"}
2019-04-11 21:18:54,668 - DEBUG - До новых встреч
2019-04-11 21:18:58,797 - DEBUG - Сервер запущен и слушает порт:7777
2019-04-11 21:19:08,358 - DEBUG - Установленно соединение с => ('127.0.0.1', 47916)
2019-04-11 21:19:22,778 - DEBUG - Установленно соединение с => ('127.0.0.1', 47926)
2019-04-11 21:19:22,779 - DEBUG - Получено сообщение:
{'name_client': 'vvv', 'event': 'start'}
2019-04-11 21:19:22,779 - DEBUG - start
2019-04-11 21:19:22,801 - DEBUG - Отправка сообщения: {"code": 200, "data": "vvv, \u0434\u043e\u0431\u0440\u043e \u043f\u043e\u0436\u0430\u043b\u043e\u0432\u0430\u0442\u044c \u0432 \u043d\u0430\u0448 \u0441\u0435\u0440\u0432\u0438\u0441"}
2019-04-11 21:19:22,816 - DEBUG - start
2019-04-11 21:19:22,818 - DEBUG - Отправка сообщения: {"code": 200, "data": "vvv, \u0434\u043e\u0431\u0440\u043e \u043f\u043e\u0436\u0430\u043b\u043e\u0432\u0430\u0442\u044c \u0432 \u043d\u0430\u0448 \u0441\u0435\u0440\u0432\u0438\u0441"}
2019-04-11 21:19:29,186 - DEBUG - Получено сообщение: {'name_client': 'vvvfdfd', 'event': 'start'}
2019-04-11 21:19:29,188 - DEBUG - {'code': 200, 'data': 'vvvfdfd, добро пожаловать в наш сервис'}
2019-04-11 21:19:29,189 - DEBUG - Отправка сообщения: {"code": 200, "data": "vvvfdfd, \u0434\u043e\u0431\u0440\u043e \u043f\u043e\u0436\u0430\u043b\u043e\u0432\u0430\u0442\u044c \u0432 \u043d\u0430\u0448 \u0441\u0435\u0440\u0432\u0438\u0441"}
2019-04-11 21:20:20,381 - DEBUG - Установленно соединение с => ('127.0.0.1', 47930)
2019-04-11 21:20:58,939 - DEBUG - Сервер запущен и слушает порт:7777
2019-04-11 21:21:09,178 - DEBUG - Установленно соединение с => ('127.0.0.1', 47944)
2019-04-11 21:27:22,374 - DEBUG - Установленно соединение с => ('127.0.0.1', 48036)
2019-04-11 21:27:22,374 - DEBUG - Получено сообщение:
{'name_client': 'vaed', 'event': 'start'}
2019-04-11 21:27:22,374 - DEBUG - start
2019-04-11 21:27:22,392 - DEBUG - Отправка сообщения: {"code": 200, "data": "vaed, \u0434\u043e\u0431\u0440\u043e \u043f\u043e\u0436\u0430\u043b\u043e\u0432\u0430\u0442\u044c \u0432 \u043d\u0430\u0448 \u0441\u0435\u0440\u0432\u0438\u0441"}
2019-04-11 21:27:22,395 - DEBUG - start
2019-04-11 21:27:22,395 - DEBUG - Отправка сообщения: {"code": 200, "data": "vaed, \u0434\u043e\u0431\u0440\u043e \u043f\u043e\u0436\u0430\u043b\u043e\u0432\u0430\u0442\u044c \u0432 \u043d\u0430\u0448 \u0441\u0435\u0440\u0432\u0438\u0441"}
2019-04-11 21:27:31,016 - DEBUG - Получено сообщение: {'name_client': 'nest', 'event': 'start'}
2019-04-11 21:27:31,019 - DEBUG - {'code': 200, 'data': 'nest, добро пожаловать в наш сервис'}
2019-04-11 21:27:31,019 - DEBUG - Отправка сообщения: {"code": 200, "data": "nest, \u0434\u043e\u0431\u0440\u043e \u043f\u043e\u0436\u0430\u043b\u043e\u0432\u0430\u0442\u044c \u0432 \u043d\u0430\u0448 \u0441\u0435\u0440\u0432\u0438\u0441"}
2019-04-11 21:28:14,158 - DEBUG - Получено сообщение: {'name_client': 'nest', 'event': '', 'text': 'как пройти в библиотеку'}
2019-04-11 21:28:14,159 - DEBUG - Отправка сообщения: {"event": "", "name_client": "nest", "data": "Action is not supported.", "code": 404}
2019-04-11 21:28:24,997 - DEBUG - Получено сообщение: Специальное сообщение не в формате json
2019-04-11 21:28:24,997 - DEBUG - Отправка сообщения: {"event": null, "name_client": null, "data": "Action is not supported.", "code": 404}
2019-04-11 21:29:06,180 - DEBUG - Получено сообщение: {'name_client': 'nest', 'event': 'message', 'text': 'Здраствуйте, не подскажите как пройти в библиотеку?'}
2019-04-11 21:29:06,182 - DEBUG - {'code': 200, 'data': 'Уважаемый nest, библиотека находится за углом'}
2019-04-11 21:29:06,182 - DEBUG - Отправка сообщения: {"code": 200, "data": "\u0423\u0432\u0430\u0436\u0430\u0435\u043c\u044b\u0439 nest, \u0431\u0438\u0431\u043b\u0438\u043e\u0442\u0435\u043a\u0430 \u043d\u0430\u0445\u043e\u0434\u0438\u0442\u0441\u044f \u0437\u0430 \u0443\u0433\u043b\u043e\u043c"}
2019-04-11 21:29:16,078 - DEBUG - Получено сообщение: {'name_client': 'nest', 'event': 'message', 'text': 'Здраствуйте, не подскажите как пройти в библиотеку?'}
2019-04-11 21:29:16,080 - DEBUG - {'code': 200, 'data': 'Уважаемый nest, библиотека находится за углом'}
2019-04-11 21:29:16,080 - DEBUG - Отправка сообщения: {"code": 200, "data": "\u0423\u0432\u0430\u0436\u0430\u0435\u043c\u044b\u0439 nest, \u0431\u0438\u0431\u043b\u0438\u043e\u0442\u0435\u043a\u0430 \u043d\u0430\u0445\u043e\u0434\u0438\u0442\u0441\u044f \u0437\u0430 \u0443\u0433\u043b\u043e\u043c"}
2019-04-11 21:29:56,619 - DEBUG - Получено сообщение: Специальное сообщение не в формате json
2019-04-11 21:29:56,619 - DEBUG - Отправка сообщения: {"event": null, "name_client": null, "data": "Action is not supported.", "code": 404}
2019-04-11 21:30:30,432 - DEBUG - До новых встреч
2019-04-11 21:31:02,639 - DEBUG - Сервер запущен и слушает порт:7777
2019-04-11 21:31:08,004 - DEBUG - Установленно соединение с => ('127.0.0.1', 48096)
2019-04-11 21:31:34,485 - DEBUG - Установленно соединение с => ('127.0.0.1', 48102)
2019-04-11 21:31:34,486 - DEBUG - Получено сообщение:
{'name_client': 'vasya', 'event': 'start'}
2019-04-11 21:31:34,486 - DEBUG - start
2019-04-11 21:31:34,515 - DEBUG - Отправка сообщения: {"code": 200, "data": "vasya, \u0434\u043e\u0431\u0440\u043e \u043f\u043e\u0436\u0430\u043b\u043e\u0432\u0430\u0442\u044c \u0432 \u043d\u0430\u0448 \u0441\u0435\u0440\u0432\u0438\u0441"}
2019-04-11 21:42:44,129 - DEBUG - До новых встреч
2019-04-11 21:44:14,142 - DEBUG - Сервер запущен и слушает порт:7777
2019-04-12 08:55:50,498 - DEBUG - Сервер запущен и слушает порт:7777
2019-04-12 08:59:48,891 - DEBUG - Сервер запущен и слушает порт:7777
2019-04-12 09:04:07,774 - DEBUG - Сервер запущен и слушает порт:7777
2019-04-12 09:04:52,331 - DEBUG - Сервер запущен и слушает порт:7777
2019-04-12 09:05:20,146 - DEBUG - Сервер запущен и слушает порт:7777
2019-04-12 09:05:20,153 - DEBUG - Установленно соединение с => ('127.0.0.1', 48054)
2019-04-12 09:08:09,470 - DEBUG - Сервер запущен и слушает порт:7777
2019-04-12 09:08:14,077 - DEBUG - Установленно соединение с => ('127.0.0.1', 48138)
2019-04-12 09:08:28,101 - DEBUG - Получено сообщение:
{'name_client': ' Vasya', 'event': 'start'}
2019-04-12 09:08:28,101 - DEBUG - start
2019-04-12 09:08:28,165 - DEBUG - Отправка сообщения: {"code": 200, "data": " Vasya, \u0434\u043e\u0431\u0440\u043e \u043f\u043e\u0436\u0430\u043b\u043e\u0432\u0430\u0442\u044c \u0432 \u043d\u0430\u0448 \u0441\u0435\u0440\u0432\u0438\u0441"}
2019-04-12 09:09:07,737 - DEBUG - Получено сообщение: Специальное сообщение не в формате json
2019-04-12 09:09:07,738 - DEBUG - Отправка сообщения: {"event": null, "name_client": null, "data": "Action is not supported.", "code": 404}
2019-04-12 09:10:55,130 - DEBUG - Получено сообщение: Специальное сообщение не в формате json
2019-04-12 09:10:55,144 - DEBUG - Отправка сообщения: {"event": null, "name_client": null, "data": "Action is not supported.", "code": 404}
2019-04-12 09:16:33,058 - DEBUG - До новых встреч
2019-04-12 09:50:22,995 - DEBUG - Сервер запущен и слушает порт:7777
2019-04-12 09:50:28,337 - DEBUG - Установленно соединение с => ('127.0.0.1', 49642)
2019-04-12 09:50:32,770 - DEBUG - Установленно соединение с => ('127.0.0.1', 49644)
2019-04-12 09:50:48,220 - DEBUG - До новых встреч
2019-04-12 09:52:36,261 - DEBUG - Сервер запущен и слушает порт:7777
2019-04-12 09:52:41,951 - DEBUG - Установленно соединение с => ('127.0.0.1', 49666)
2019-04-12 09:52:46,044 - DEBUG - Установленно соединение с => ('127.0.0.1', 49668)
2019-04-12 09:53:06,948 - DEBUG - Получено сообщение:
{'name_client': 'мфынф', 'event': 'sta'}
2019-04-12 09:53:06,948 - DEBUG - sta
2019-04-12 09:53:06,993 - DEBUG - sta
2019-04-12 09:56:09,891 - DEBUG - Сервер запущен и слушает порт:7777
2019-04-12 09:56:14,197 - DEBUG - Установленно соединение с => ('127.0.0.1', 49776)
2019-04-12 09:56:17,532 - DEBUG - Установленно соединение с => ('127.0.0.1', 49778)
2019-04-12 09:56:32,372 - DEBUG - Получено сообщение:
{'name_client': 'vasya', 'event': 'start'}
2019-04-12 09:56:32,372 - DEBUG - start
2019-04-12 09:56:32,398 - DEBUG - Отправка сообщения: {"code": 200, "data": "vasya, \u0434\u043e\u0431\u0440\u043e \u043f\u043e\u0436\u0430\u043b\u043e\u0432\u0430\u0442\u044c \u0432 \u043d\u0430\u0448 \u0441\u0435\u0440\u0432\u0438\u0441"}
2019-04-12 09:59:51,478 - DEBUG - До новых встреч
